<?xml version="1.0" encoding="UTF-8"?>
<coverage generated="1782930648355" clover="3.2.0">
  <project timestamp="1782930648355" name="All files">
    <metrics statements="304" coveredstatements="184" conditionals="161" coveredconditionals="83" methods="59" coveredmethods="41" elements="524" coveredelements="308" complexity="0" loc="304" ncloc="304" packages="6" files="20" classes="20"/>
    <package name="components">
      <metrics statements="78" coveredstatements="37" conditionals="48" coveredconditionals="37" methods="25" coveredmethods="15"/>
      <file name="AudioSpectrum.tsx" path="/Users/kingsleyeneja/study_projects/my-apps/redflagchecker/quickvibe/src/components/AudioSpectrum.tsx">
        <metrics statements="19" coveredstatements="15" conditionals="7" coveredconditionals="7" methods="8" coveredmethods="7"/>
        <line num="24" count="2" type="stmt"/>
        <line num="38" count="20" type="stmt"/>
        <line num="39" count="79" type="stmt"/>
        <line num="43" count="20" type="stmt"/>
        <line num="44" count="20" type="cond" truecount="2" falsecount="0"/>
        <line num="45" count="12" type="stmt"/>
        <line num="46" count="47" type="stmt"/>
        <line num="60" count="8" type="stmt"/>
        <line num="61" count="32" type="stmt"/>
        <line num="66" count="20" type="stmt"/>
        <line num="70" count="79" type="stmt"/>
        <line num="71" count="0" type="stmt"/>
        <line num="72" count="0" type="stmt"/>
        <line num="73" count="0" type="stmt"/>
        <line num="74" count="0" type="stmt"/>
        <line num="80" count="79" type="stmt"/>
        <line num="82" count="79" type="cond" truecount="2" falsecount="0"/>
        <line num="84" count="79" type="stmt"/>
        <line num="104" count="2" type="stmt"/>
      </file>
      <file name="BackgroundGradient.tsx" path="/Users/kingsleyeneja/study_projects/my-apps/redflagchecker/quickvibe/src/components/BackgroundGradient.tsx">
        <metrics statements="25" coveredstatements="0" conditionals="6" coveredconditionals="0" methods="3" coveredmethods="0"/>
        <line num="25" count="0" type="stmt"/>
        <line num="26" count="0" type="stmt"/>
        <line num="29" count="0" type="stmt"/>
        <line num="30" count="0" type="stmt"/>
        <line num="32" count="0" type="stmt"/>
        <line num="33" count="0" type="cond" truecount="0" falsecount="2"/>
        <line num="37" count="0" type="stmt"/>
        <line num="38" count="0" type="stmt"/>
        <line num="39" count="0" type="stmt"/>
        <line num="44" count="0" type="stmt"/>
        <line num="45" count="0" type="cond" truecount="0" falsecount="2"/>
        <line num="49" count="0" type="stmt"/>
        <line num="51" count="0" type="stmt"/>
        <line num="54" count="0" type="stmt"/>
        <line num="71" count="0" type="stmt"/>
        <line num="72" count="0" type="stmt"/>
        <line num="73" count="0" type="stmt"/>
        <line num="74" count="0" type="stmt"/>
        <line num="75" count="0" type="stmt"/>
        <line num="76" count="0" type="stmt"/>
        <line num="78" count="0" type="stmt"/>
        <line num="79" count="0" type="stmt"/>
        <line num="80" count="0" type="stmt"/>
        <line num="82" count="0" type="stmt"/>
        <line num="85" count="0" type="stmt"/>
      </file>
      <file name="CircularLoader.tsx" path="/Users/kingsleyeneja/study_projects/my-apps/redflagchecker/quickvibe/src/components/CircularLoader.tsx">
        <metrics statements="7" coveredstatements="7" conditionals="15" coveredconditionals="12" methods="1" coveredmethods="1"/>
        <line num="27" count="2" type="stmt"/>
        <line num="43" count="21" type="cond" truecount="1" falsecount="1"/>
        <line num="47" count="21" type="stmt"/>
        <line num="49" count="21" type="cond" truecount="3" falsecount="1"/>
        <line num="52" count="21" type="stmt"/>
        <line num="54" count="21" type="stmt"/>
        <line num="103" count="2" type="stmt"/>
      </file>
      <file name="MicButton.tsx" path="/Users/kingsleyeneja/study_projects/my-apps/redflagchecker/quickvibe/src/components/MicButton.tsx">
        <metrics statements="3" coveredstatements="3" conditionals="7" coveredconditionals="7" methods="1" coveredmethods="1"/>
        <line num="33" count="8" type="stmt"/>
        <line num="35" count="8" type="stmt"/>
        <line num="69" count="1" type="stmt"/>
      </file>
      <file name="MorphIcon.tsx" path="/Users/kingsleyeneja/study_projects/my-apps/redflagchecker/quickvibe/src/components/MorphIcon.tsx">
        <metrics statements="9" coveredstatements="7" conditionals="8" coveredconditionals="6" methods="3" coveredmethods="2"/>
        <line num="14" count="2" type="stmt"/>
        <line num="38" count="13" type="cond" truecount="2" falsecount="0"/>
        <line num="40" count="13" type="stmt"/>
        <line num="41" count="13" type="cond" truecount="2" falsecount="0"/>
        <line num="49" count="13" type="stmt"/>
        <line num="55" count="0" type="cond" truecount="0" falsecount="2"/>
        <line num="56" count="0" type="stmt"/>
        <line num="59" count="13" type="stmt"/>
        <line num="91" count="2" type="stmt"/>
      </file>
      <file name="QuestionPrompt.tsx" path="/Users/kingsleyeneja/study_projects/my-apps/redflagchecker/quickvibe/src/components/QuestionPrompt.tsx">
        <metrics statements="10" coveredstatements="0" conditionals="0" coveredconditionals="0" methods="5" coveredmethods="0"/>
        <line num="36" count="0" type="stmt"/>
        <line num="37" count="0" type="stmt"/>
        <line num="39" count="0" type="stmt"/>
        <line num="40" count="0" type="stmt"/>
        <line num="44" count="0" type="stmt"/>
        <line num="50" count="0" type="stmt"/>
        <line num="55" count="0" type="stmt"/>
        <line num="61" count="0" type="stmt"/>
        <line num="64" count="0" type="stmt"/>
        <line num="75" count="0" type="stmt"/>
      </file>
      <file name="ResultCard.tsx" path="/Users/kingsleyeneja/study_projects/my-apps/redflagchecker/quickvibe/src/components/ResultCard.tsx">
        <metrics statements="5" coveredstatements="5" conditionals="5" coveredconditionals="5" methods="4" coveredmethods="4"/>
        <line num="45" count="12" type="stmt"/>
        <line num="47" count="12" type="stmt"/>
        <line num="65" count="3" type="stmt"/>
        <line num="75" count="6" type="stmt"/>
        <line num="95" count="1" type="stmt"/>
      </file>
    </package>
    <package name="constants">
      <metrics statements="17" coveredstatements="17" conditionals="8" coveredconditionals="6" methods="6" coveredmethods="6"/>
      <file name="theme.ts" path="/Users/kingsleyeneja/study_projects/my-apps/redflagchecker/quickvibe/src/constants/theme.ts">
        <metrics statements="17" coveredstatements="17" conditionals="8" coveredconditionals="6" methods="6" coveredmethods="6"/>
        <line num="3" count="7" type="stmt"/>
        <line num="43" count="7" type="stmt"/>
        <line num="53" count="7" type="stmt"/>
        <line num="60" count="7" type="stmt"/>
        <line num="69" count="7" type="stmt"/>
        <line num="89" count="7" type="stmt"/>
        <line num="100" count="7" type="stmt"/>
        <line num="110" count="7" type="stmt"/>
        <line num="128" count="7" type="stmt"/>
        <line num="143" count="7" type="stmt"/>
        <line num="150" count="4" type="stmt"/>
        <line num="154" count="2" type="stmt"/>
        <line num="160" count="7" type="stmt"/>
        <line num="172" count="10" type="cond" truecount="2" falsecount="0"/>
        <line num="173" count="4" type="cond" truecount="1" falsecount="1"/>
        <line num="177" count="101" type="cond" truecount="2" falsecount="0"/>
        <line num="178" count="33" type="cond" truecount="1" falsecount="1"/>
      </file>
    </package>
    <package name="hooks">
      <metrics statements="90" coveredstatements="44" conditionals="37" coveredconditionals="7" methods="13" coveredmethods="7"/>
      <file name="useHapticSync.ts" path="/Users/kingsleyeneja/study_projects/my-apps/redflagchecker/quickvibe/src/hooks/useHapticSync.ts">
        <metrics statements="18" coveredstatements="2" conditionals="9" coveredconditionals="0" methods="4" coveredmethods="1"/>
        <line num="15" count="5" type="stmt"/>
        <line num="17" count="5" type="stmt"/>
        <line num="18" count="0" type="stmt"/>
        <line num="21" count="0" type="stmt"/>
        <line num="22" count="0" type="stmt"/>
        <line num="23" count="0" type="cond" truecount="0" falsecount="4"/>
        <line num="24" count="0" type="stmt"/>
        <line num="26" count="0" type="stmt"/>
        <line num="27" count="0" type="stmt"/>
        <line num="32" count="0" type="cond" truecount="0" falsecount="2"/>
        <line num="33" count="0" type="stmt"/>
        <line num="41" count="0" type="cond" truecount="0" falsecount="3"/>
        <line num="43" count="0" type="stmt"/>
        <line num="44" count="0" type="stmt"/>
        <line num="46" count="0" type="stmt"/>
        <line num="47" count="0" type="stmt"/>
        <line num="49" count="0" type="stmt"/>
        <line num="50" count="0" type="stmt"/>
      </file>
      <file name="useRedFlagAnalysis.ts" path="/Users/kingsleyeneja/study_projects/my-apps/redflagchecker/quickvibe/src/hooks/useRedFlagAnalysis.ts">
        <metrics statements="64" coveredstatements="42" conditionals="20" coveredconditionals="7" methods="7" coveredmethods="6"/>
        <line num="34" count="11" type="stmt"/>
        <line num="35" count="11" type="stmt"/>
        <line num="36" count="11" type="stmt"/>
        <line num="37" count="11" type="stmt"/>
        <line num="38" count="11" type="stmt"/>
        <line num="41" count="11" type="stmt"/>
        <line num="42" count="11" type="stmt"/>
        <line num="44" count="11" type="stmt"/>
        <line num="46" count="1" type="stmt"/>
        <line num="53" count="11" type="stmt"/>
        <line num="54" count="4" type="cond" truecount="2" falsecount="0"/>
        <line num="56" count="3" type="stmt"/>
        <line num="57" count="3" type="stmt"/>
        <line num="58" count="3" type="stmt"/>
        <line num="59" count="1" type="cond" truecount="1" falsecount="1"/>
        <line num="61" count="1" type="stmt"/>
        <line num="62" count="1" type="stmt"/>
        <line num="64" count="1" type="stmt"/>
        <line num="65" count="1" type="stmt"/>
        <line num="68" count="1" type="stmt"/>
        <line num="70" count="1" type="stmt"/>
        <line num="73" count="1" type="stmt"/>
        <line num="75" count="1" type="stmt"/>
        <line num="77" count="1" type="stmt"/>
        <line num="78" count="1" type="stmt"/>
        <line num="84" count="1" type="cond" truecount="1" falsecount="1"/>
        <line num="88" count="0" type="stmt"/>
        <line num="89" count="0" type="stmt"/>
        <line num="90" count="0" type="stmt"/>
        <line num="91" count="0" type="stmt"/>
        <line num="93" count="1" type="stmt"/>
        <line num="94" count="1" type="stmt"/>
        <line num="95" count="1" type="stmt"/>
        <line num="96" count="1" type="stmt"/>
        <line num="99" count="0" type="stmt"/>
        <line num="102" count="0" type="stmt"/>
        <line num="107" count="11" type="stmt"/>
        <line num="109" count="1" type="cond" truecount="1" falsecount="1"/>
        <line num="111" count="0" type="stmt"/>
        <line num="112" count="0" type="stmt"/>
        <line num="114" count="0" type="stmt"/>
        <line num="115" count="0" type="stmt"/>
        <line num="116" count="0" type="stmt"/>
        <line num="121" count="0" type="cond" truecount="0" falsecount="2"/>
        <line num="125" count="0" type="stmt"/>
        <line num="126" count="0" type="stmt"/>
        <line num="127" count="0" type="stmt"/>
        <line num="128" count="0" type="stmt"/>
        <line num="130" count="0" type="stmt"/>
        <line num="131" count="0" type="stmt"/>
        <line num="132" count="0" type="stmt"/>
        <line num="133" count="0" type="stmt"/>
        <line num="136" count="0" type="stmt"/>
        <line num="139" count="0" type="stmt"/>
        <line num="145" count="11" type="stmt"/>
        <line num="147" count="11" type="stmt"/>
        <line num="148" count="1" type="stmt"/>
        <line num="149" count="1" type="stmt"/>
        <line num="150" count="1" type="stmt"/>
        <line num="151" count="1" type="stmt"/>
        <line num="152" count="1" type="stmt"/>
        <line num="153" count="1" type="stmt"/>
        <line num="154" count="1" type="stmt"/>
        <line num="157" count="11" type="stmt"/>
      </file>
      <file name="useSoundEffects.ts" path="/Users/kingsleyeneja/study_projects/my-apps/redflagchecker/quickvibe/src/hooks/useSoundEffects.ts">
        <metrics statements="8" coveredstatements="0" conditionals="8" coveredconditionals="0" methods="2" coveredmethods="0"/>
        <line num="12" count="0" type="stmt"/>
        <line num="14" count="0" type="stmt"/>
        <line num="15" count="0" type="stmt"/>
        <line num="16" count="0" type="stmt"/>
        <line num="18" count="0" type="cond" truecount="0" falsecount="4"/>
        <line num="19" count="0" type="stmt"/>
        <line num="22" count="0" type="cond" truecount="0" falsecount="4"/>
        <line num="23" count="0" type="stmt"/>
      </file>
    </package>
    <package name="services">
      <metrics statements="9" coveredstatements="9" conditionals="4" coveredconditionals="4" methods="2" coveredmethods="2"/>
      <file name="speech.ts" path="/Users/kingsleyeneja/study_projects/my-apps/redflagchecker/quickvibe/src/services/speech.ts">
        <metrics statements="9" coveredstatements="9" conditionals="4" coveredconditionals="4" methods="2" coveredmethods="2"/>
        <line num="5" count="1" type="stmt"/>
        <line num="12" count="4" type="stmt"/>
        <line num="14" count="4" type="cond" truecount="2" falsecount="0"/>
        <line num="16" count="2" type="stmt"/>
        <line num="18" count="2" type="cond" truecount="2" falsecount="0"/>
        <line num="19" count="1" type="stmt"/>
        <line num="25" count="3" type="stmt"/>
        <line num="37" count="2" type="stmt"/>
        <line num="38" count="1" type="stmt"/>
      </file>
    </package>
    <package name="services.ai">
      <metrics statements="18" coveredstatements="16" conditionals="16" coveredconditionals="9" methods="3" coveredmethods="3"/>
      <file name="index.ts" path="/Users/kingsleyeneja/study_projects/my-apps/redflagchecker/quickvibe/src/services/ai/index.ts">
        <metrics statements="0" coveredstatements="0" conditionals="0" coveredconditionals="0" methods="0" coveredmethods="0"/>
      </file>
      <file name="provider-factory.ts" path="/Users/kingsleyeneja/study_projects/my-apps/redflagchecker/quickvibe/src/services/ai/provider-factory.ts">
        <metrics statements="18" coveredstatements="16" conditionals="16" coveredconditionals="9" methods="3" coveredmethods="3"/>
        <line num="10" count="1" type="stmt"/>
        <line num="17" count="1" type="stmt"/>
        <line num="25" count="1" type="stmt"/>
        <line num="29" count="1" type="stmt"/>
        <line num="33" count="9" type="cond" truecount="1" falsecount="1"/>
        <line num="34" count="0" type="cond" truecount="0" falsecount="2"/>
        <line num="43" count="9" type="stmt"/>
        <line num="44" count="9" type="cond" truecount="1" falsecount="1"/>
        <line num="46" count="9" type="cond" truecount="2" falsecount="0"/>
        <line num="47" count="1" type="stmt"/>
        <line num="52" count="8" type="stmt"/>
        <line num="54" count="8" type="cond" truecount="2" falsecount="0"/>
        <line num="55" count="1" type="stmt"/>
        <line num="60" count="7" type="cond" truecount="1" falsecount="1"/>
        <line num="61" count="7" type="cond" truecount="1" falsecount="1"/>
        <line num="63" count="7" type="cond" truecount="1" falsecount="1"/>
        <line num="64" count="0" type="stmt"/>
        <line num="69" count="7" type="stmt"/>
      </file>
      <file name="types.ts" path="/Users/kingsleyeneja/study_projects/my-apps/redflagchecker/quickvibe/src/services/ai/types.ts">
        <metrics statements="0" coveredstatements="0" conditionals="0" coveredconditionals="0" methods="0" coveredmethods="0"/>
      </file>
    </package>
    <package name="services.ai.providers">
      <metrics statements="92" coveredstatements="61" conditionals="48" coveredconditionals="20" methods="10" coveredmethods="8"/>
      <file name="base.ts" path="/Users/kingsleyeneja/study_projects/my-apps/redflagchecker/quickvibe/src/services/ai/providers/base.ts">
        <metrics statements="16" coveredstatements="0" conditionals="12" coveredconditionals="0" methods="2" coveredmethods="0"/>
        <line num="4" count="0" type="stmt"/>
        <line num="38" count="0" type="stmt"/>
        <line num="42" count="0" type="cond" truecount="0" falsecount="4"/>
        <line num="43" count="0" type="stmt"/>
        <line num="49" count="0" type="stmt"/>
        <line num="51" count="0" type="stmt"/>
        <line num="65" count="0" type="cond" truecount="0" falsecount="2"/>
        <line num="66" count="0" type="stmt"/>
        <line num="71" count="0" type="stmt"/>
        <line num="73" count="0" type="cond" truecount="0" falsecount="4"/>
        <line num="74" count="0" type="stmt"/>
        <line num="77" count="0" type="stmt"/>
        <line num="78" count="0" type="stmt"/>
        <line num="80" count="0" type="cond" truecount="0" falsecount="2"/>
        <line num="81" count="0" type="stmt"/>
        <line num="84" count="0" type="stmt"/>
      </file>
      <file name="cohere.ts" path="/Users/kingsleyeneja/study_projects/my-apps/redflagchecker/quickvibe/src/services/ai/providers/cohere.ts">
        <metrics statements="18" coveredstatements="14" conditionals="8" coveredconditionals="4" methods="2" coveredmethods="2"/>
        <line num="4" count="2" type="stmt"/>
        <line num="5" count="2" type="stmt"/>
        <line num="7" count="2" type="stmt"/>
        <line num="22" count="7" type="stmt"/>
        <line num="30" count="4" type="stmt"/>
        <line num="31" count="4" type="cond" truecount="1" falsecount="1"/>
        <line num="32" count="0" type="stmt"/>
        <line num="35" count="4" type="stmt"/>
        <line num="50" count="3" type="cond" truecount="1" falsecount="1"/>
        <line num="51" count="0" type="stmt"/>
        <line num="56" count="3" type="stmt"/>
        <line num="57" count="3" type="stmt"/>
        <line num="59" count="3" type="cond" truecount="1" falsecount="1"/>
        <line num="60" count="0" type="stmt"/>
        <line num="63" count="3" type="stmt"/>
        <line num="65" count="3" type="cond" truecount="1" falsecount="1"/>
        <line num="66" count="0" type="stmt"/>
        <line num="69" count="3" type="stmt"/>
      </file>
      <file name="deepseek.ts" path="/Users/kingsleyeneja/study_projects/my-apps/redflagchecker/quickvibe/src/services/ai/providers/deepseek.ts">
        <metrics statements="19" coveredstatements="15" conditionals="8" coveredconditionals="4" methods="2" coveredmethods="2"/>
        <line num="4" count="2" type="stmt"/>
        <line num="5" count="2" type="stmt"/>
        <line num="7" count="2" type="stmt"/>
        <line num="25" count="6" type="stmt"/>
        <line num="33" count="4" type="stmt"/>
        <line num="37" count="4" type="cond" truecount="1" falsecount="1"/>
        <line num="38" count="0" type="stmt"/>
        <line num="44" count="4" type="stmt"/>
        <line num="46" count="4" type="stmt"/>
        <line num="60" count="3" type="cond" truecount="1" falsecount="1"/>
        <line num="61" count="0" type="stmt"/>
        <line num="66" count="3" type="stmt"/>
        <line num="68" count="3" type="cond" truecount="1" falsecount="1"/>
        <line num="69" count="0" type="stmt"/>
        <line num="72" count="3" type="stmt"/>
        <line num="73" count="3" type="stmt"/>
        <line num="75" count="3" type="cond" truecount="1" falsecount="1"/>
        <line num="76" count="0" type="stmt"/>
        <line num="79" count="3" type="stmt"/>
      </file>
      <file name="openai.ts" path="/Users/kingsleyeneja/study_projects/my-apps/redflagchecker/quickvibe/src/services/ai/providers/openai.ts">
        <metrics statements="20" coveredstatements="17" conditionals="12" coveredconditionals="8" methods="2" coveredmethods="2"/>
        <line num="4" count="2" type="stmt"/>
        <line num="5" count="2" type="stmt"/>
        <line num="7" count="2" type="stmt"/>
        <line num="28" count="13" type="stmt"/>
        <line num="33" count="13" type="stmt"/>
        <line num="40" count="9" type="stmt"/>
        <line num="45" count="9" type="cond" truecount="2" falsecount="2"/>
        <line num="46" count="0" type="stmt"/>
        <line num="52" count="9" type="stmt"/>
        <line num="54" count="9" type="stmt"/>
        <line num="68" count="8" type="cond" truecount="1" falsecount="1"/>
        <line num="69" count="0" type="stmt"/>
        <line num="74" count="8" type="stmt"/>
        <line num="76" count="8" type="cond" truecount="4" falsecount="0"/>
        <line num="77" count="1" type="stmt"/>
        <line num="80" count="7" type="stmt"/>
        <line num="81" count="7" type="stmt"/>
        <line num="84" count="7" type="cond" truecount="1" falsecount="1"/>
        <line num="85" count="0" type="stmt"/>
        <line num="88" count="7" type="stmt"/>
      </file>
      <file name="zai.ts" path="/Users/kingsleyeneja/study_projects/my-apps/redflagchecker/quickvibe/src/services/ai/providers/zai.ts">
        <metrics statements="19" coveredstatements="15" conditionals="8" coveredconditionals="4" methods="2" coveredmethods="2"/>
        <line num="4" count="2" type="stmt"/>
        <line num="5" count="2" type="stmt"/>
        <line num="7" count="2" type="stmt"/>
        <line num="25" count="6" type="stmt"/>
        <line num="33" count="4" type="stmt"/>
        <line num="37" count="4" type="cond" truecount="1" falsecount="1"/>
        <line num="38" count="0" type="stmt"/>
        <line num="44" count="4" type="stmt"/>
        <line num="46" count="4" type="stmt"/>
        <line num="60" count="3" type="cond" truecount="1" falsecount="1"/>
        <line num="61" count="0" type="stmt"/>
        <line num="66" count="3" type="stmt"/>
        <line num="68" count="3" type="cond" truecount="1" falsecount="1"/>
        <line num="69" count="0" type="stmt"/>
        <line num="72" count="3" type="stmt"/>
        <line num="73" count="3" type="stmt"/>
        <line num="75" count="3" type="cond" truecount="1" falsecount="1"/>
        <line num="76" count="0" type="stmt"/>
        <line num="79" count="3" type="stmt"/>
      </file>
    </package>
  </project>
</coverage>
