{"/Users/kingsleyeneja/study_projects/my-apps/redflagchecker/quickvibe/src/components/AudioSpectrum.tsx": {"path":"/Users/kingsleyeneja/study_projects/my-apps/redflagchecker/quickvibe/src/components/AudioSpectrum.tsx","statementMap":{"0":{"start":{"line":24,"column":64},"end":{"line":24,"column":78}},"1":{"start":{"line":38,"column":25},"end":{"line":41,"column":3}},"2":{"start":{"line":39,"column":10},"end":{"line":39,"column":68}},"3":{"start":{"line":39,"column":50},"end":{"line":39,"column":67}},"4":{"start":{"line":43,"column":2},"end":{"line":64,"column":33}},"5":{"start":{"line":44,"column":4},"end":{"line":63,"column":5}},"6":{"start":{"line":45,"column":6},"end":{"line":57,"column":9}},"7":{"start":{"line":46,"column":8},"end":{"line":56,"column":10}},"8":{"start":{"line":60,"column":6},"end":{"line":62,"column":9}},"9":{"start":{"line":61,"column":8},"end":{"line":61,"column":54}},"10":{"start":{"line":66,"column":2},"end":{"line":101,"column":4}},"11":{"start":{"line":70,"column":30},"end":{"line":78,"column":10}},"12":{"start":{"line":71,"column":27},"end":{"line":71,"column":37}},"13":{"start":{"line":72,"column":24},"end":{"line":72,"column":74}},"14":{"start":{"line":73,"column":26},"end":{"line":73,"column":45}},"15":{"start":{"line":74,"column":10},"end":{"line":77,"column":12}},"16":{"start":{"line":80,"column":25},"end":{"line":80,"column":53}},"17":{"start":{"line":82,"column":10},"end":{"line":82,"column":65}},"18":{"start":{"line":84,"column":8},"end":{"line":98,"column":10}},"19":{"start":{"line":104,"column":15},"end":{"line":113,"column":2}}},"fnMap":{"0":{"name":"AudioSpectrum","decl":{"start":{"line":31,"column":16},"end":{"line":31,"column":29}},"loc":{"start":{"line":36,"column":23},"end":{"line":102,"column":1}},"line":36},"1":{"name":"(anonymous_1)","decl":{"start":{"line":39,"column":4},"end":{"line":39,"column":5}},"loc":{"start":{"line":39,"column":10},"end":{"line":39,"column":68}},"line":39},"2":{"name":"(anonymous_2)","decl":{"start":{"line":39,"column":44},"end":{"line":39,"column":45}},"loc":{"start":{"line":39,"column":50},"end":{"line":39,"column":67}},"line":39},"3":{"name":"(anonymous_3)","decl":{"start":{"line":43,"column":12},"end":{"line":43,"column":13}},"loc":{"start":{"line":43,"column":18},"end":{"line":64,"column":3}},"line":43},"4":{"name":"(anonymous_4)","decl":{"start":{"line":45,"column":29},"end":{"line":45,"column":30}},"loc":{"start":{"line":45,"column":46},"end":{"line":57,"column":7}},"line":45},"5":{"name":"(anonymous_5)","decl":{"start":{"line":60,"column":29},"end":{"line":60,"column":30}},"loc":{"start":{"line":60,"column":39},"end":{"line":62,"column":7}},"line":60},"6":{"name":"(anonymous_6)","decl":{"start":{"line":68,"column":26},"end":{"line":68,"column":27}},"loc":{"start":{"line":68,"column":43},"end":{"line":99,"column":7}},"line":68},"7":{"name":"(anonymous_7)","decl":{"start":{"line":70,"column":47},"end":{"line":70,"column":48}},"loc":{"start":{"line":70,"column":53},"end":{"line":78,"column":9}},"line":70}},"branchMap":{"0":{"loc":{"start":{"line":33,"column":2},"end":{"line":33,"column":18}},"type":"default-arg","locations":[{"start":{"line":33,"column":15},"end":{"line":33,"column":18}}],"line":33},"1":{"loc":{"start":{"line":34,"column":2},"end":{"line":34,"column":30}},"type":"default-arg","locations":[{"start":{"line":34,"column":14},"end":{"line":34,"column":30}}],"line":34},"2":{"loc":{"start":{"line":35,"column":2},"end":{"line":35,"column":12}},"type":"default-arg","locations":[{"start":{"line":35,"column":9},"end":{"line":35,"column":12}}],"line":35},"3":{"loc":{"start":{"line":44,"column":4},"end":{"line":63,"column":5}},"type":"if","locations":[{"start":{"line":44,"column":4},"end":{"line":63,"column":5}},{"start":{"line":58,"column":11},"end":{"line":63,"column":5}}],"line":44},"4":{"loc":{"start":{"line":82,"column":10},"end":{"line":82,"column":65}},"type":"cond-expr","locations":[{"start":{"line":82,"column":28},"end":{"line":82,"column":42}},{"start":{"line":82,"column":45},"end":{"line":82,"column":65}}],"line":82}},"s":{"0":2,"1":20,"2":20,"3":79,"4":20,"5":20,"6":12,"7":47,"8":8,"9":32,"10":20,"11":79,"12":0,"13":0,"14":0,"15":0,"16":79,"17":79,"18":79,"19":2},"f":{"0":20,"1":20,"2":79,"3":20,"4":47,"5":32,"6":79,"7":0},"b":{"0":[7],"1":[19],"2":[11],"3":[12,8],"4":[40,39]},"_coverageSchema":"1a1c01bbd47fc00a2c39e90264f33305004495a9","hash":"cb45fe08dcf1109cf1327b1c354ff9982b721094"}
,"/Users/kingsleyeneja/study_projects/my-apps/redflagchecker/quickvibe/src/components/BackgroundGradient.tsx": {"path":"/Users/kingsleyeneja/study_projects/my-apps/redflagchecker/quickvibe/src/components/BackgroundGradient.tsx","statementMap":{"0":{"start":{"line":25,"column":17},"end":{"line":52,"column":13}},"1":{"start":{"line":26,"column":20},"end":{"line":26,"column":53}},"2":{"start":{"line":29,"column":19},"end":{"line":29,"column":45}},"3":{"start":{"line":30,"column":17},"end":{"line":30,"column":76}},"4":{"start":{"line":32,"column":4},"end":{"line":41,"column":5}},"5":{"start":{"line":32,"column":17},"end":{"line":32,"column":18}},"6":{"start":{"line":33,"column":6},"end":{"line":40,"column":7}},"7":{"start":{"line":37,"column":8},"end":{"line":37,"column":46}},"8":{"start":{"line":38,"column":8},"end":{"line":38,"column":48}},"9":{"start":{"line":39,"column":8},"end":{"line":39,"column":14}},"10":{"start":{"line":44,"column":18},"end":{"line":44,"column":41}},"11":{"start":{"line":45,"column":14},"end":{"line":45,"column":63}},"12":{"start":{"line":49,"column":21},"end":{"line":49,"column":62}},"13":{"start":{"line":51,"column":4},"end":{"line":51,"column":55}},"14":{"start":{"line":54,"column":2},"end":{"line":63,"column":4}},"15":{"start":{"line":71,"column":13},"end":{"line":71,"column":40}},"16":{"start":{"line":72,"column":13},"end":{"line":72,"column":40}},"17":{"start":{"line":73,"column":13},"end":{"line":73,"column":40}},"18":{"start":{"line":74,"column":13},"end":{"line":74,"column":40}},"19":{"start":{"line":75,"column":13},"end":{"line":75,"column":40}},"20":{"start":{"line":76,"column":13},"end":{"line":76,"column":40}},"21":{"start":{"line":78,"column":13},"end":{"line":78,"column":43}},"22":{"start":{"line":79,"column":13},"end":{"line":79,"column":43}},"23":{"start":{"line":80,"column":13},"end":{"line":80,"column":43}},"24":{"start":{"line":82,"column":2},"end":{"line":82,"column":118}},"25":{"start":{"line":85,"column":15},"end":{"line":92,"column":2}}},"fnMap":{"0":{"name":"BackgroundGradient","decl":{"start":{"line":19,"column":16},"end":{"line":19,"column":34}},"loc":{"start":{"line":22,"column":28},"end":{"line":64,"column":1}},"line":22},"1":{"name":"(anonymous_1)","decl":{"start":{"line":25,"column":25},"end":{"line":25,"column":26}},"loc":{"start":{"line":25,"column":31},"end":{"line":52,"column":3}},"line":25},"2":{"name":"interpolateHex","decl":{"start":{"line":70,"column":9},"end":{"line":70,"column":23}},"loc":{"start":{"line":70,"column":65},"end":{"line":83,"column":1}},"line":70}},"branchMap":{"0":{"loc":{"start":{"line":33,"column":6},"end":{"line":40,"column":7}},"type":"if","locations":[{"start":{"line":33,"column":6},"end":{"line":40,"column":7}},{"start":{},"end":{}}],"line":33},"1":{"loc":{"start":{"line":34,"column":8},"end":{"line":35,"column":52}},"type":"binary-expr","locations":[{"start":{"line":34,"column":8},"end":{"line":34,"column":48}},{"start":{"line":35,"column":8},"end":{"line":35,"column":52}}],"line":34},"2":{"loc":{"start":{"line":45,"column":14},"end":{"line":45,"column":63}},"type":"cond-expr","locations":[{"start":{"line":45,"column":28},"end":{"line":45,"column":29}},{"start":{"line":45,"column":32},"end":{"line":45,"column":63}}],"line":45}},"s":{"0":0,"1":0,"2":0,"3":0,"4":0,"5":0,"6":0,"7":0,"8":0,"9":0,"10":0,"11":0,"12":0,"13":0,"14":0,"15":0,"16":0,"17":0,"18":0,"19":0,"20":0,"21":0,"22":0,"23":0,"24":0,"25":0},"f":{"0":0,"1":0,"2":0},"b":{"0":[0,0],"1":[0,0],"2":[0,0]}}
,"/Users/kingsleyeneja/study_projects/my-apps/redflagchecker/quickvibe/src/components/CircularLoader.tsx": {"path":"/Users/kingsleyeneja/study_projects/my-apps/redflagchecker/quickvibe/src/components/CircularLoader.tsx","statementMap":{"0":{"start":{"line":27,"column":53},"end":{"line":27,"column":65}},"1":{"start":{"line":43,"column":19},"end":{"line":45,"column":57}},"2":{"start":{"line":47,"column":20},"end":{"line":47,"column":43}},"3":{"start":{"line":49,"column":4},"end":{"line":49,"column":62}},"4":{"start":{"line":52,"column":21},"end":{"line":52,"column":57}},"5":{"start":{"line":54,"column":2},"end":{"line":100,"column":4}},"6":{"start":{"line":103,"column":15},"end":{"line":127,"column":2}}},"fnMap":{"0":{"name":"CircularLoader","decl":{"start":{"line":34,"column":16},"end":{"line":34,"column":30}},"loc":{"start":{"line":41,"column":24},"end":{"line":101,"column":1}},"line":41}},"branchMap":{"0":{"loc":{"start":{"line":36,"column":2},"end":{"line":36,"column":17}},"type":"default-arg","locations":[{"start":{"line":36,"column":12},"end":{"line":36,"column":17}}],"line":36},"1":{"loc":{"start":{"line":37,"column":2},"end":{"line":37,"column":18}},"type":"default-arg","locations":[{"start":{"line":37,"column":14},"end":{"line":37,"column":18}}],"line":37},"2":{"loc":{"start":{"line":38,"column":2},"end":{"line":38,"column":19}},"type":"default-arg","locations":[{"start":{"line":38,"column":14},"end":{"line":38,"column":19}}],"line":38},"3":{"loc":{"start":{"line":43,"column":19},"end":{"line":45,"column":57}},"type":"cond-expr","locations":[{"start":{"line":44,"column":6},"end":{"line":44,"column":8}},{"start":{"line":45,"column":6},"end":{"line":45,"column":57}}],"line":43},"4":{"loc":{"start":{"line":49,"column":4},"end":{"line":49,"column":62}},"type":"binary-expr","locations":[{"start":{"line":49,"column":4},"end":{"line":49,"column":9}},{"start":{"line":49,"column":14},"end":{"line":49,"column":61}}],"line":49},"5":{"loc":{"start":{"line":49,"column":14},"end":{"line":49,"column":61}},"type":"cond-expr","locations":[{"start":{"line":49,"column":26},"end":{"line":49,"column":49}},{"start":{"line":49,"column":52},"end":{"line":49,"column":61}}],"line":49},"6":{"loc":{"start":{"line":90,"column":9},"end":{"line":94,"column":9}},"type":"binary-expr","locations":[{"start":{"line":90,"column":9},"end":{"line":90,"column":18}},{"start":{"line":91,"column":10},"end":{"line":93,"column":17}}],"line":90},"7":{"loc":{"start":{"line":92,"column":13},"end":{"line":92,"column":37}},"type":"cond-expr","locations":[{"start":{"line":92,"column":23},"end":{"line":92,"column":26}},{"start":{"line":92,"column":29},"end":{"line":92,"column":37}}],"line":92},"8":{"loc":{"start":{"line":95,"column":9},"end":{"line":97,"column":9}},"type":"binary-expr","locations":[{"start":{"line":95,"column":9},"end":{"line":95,"column":21}},{"start":{"line":96,"column":10},"end":{"line":96,"column":58}}],"line":95}},"s":{"0":2,"1":21,"2":21,"3":21,"4":21,"5":21,"6":2},"f":{"0":21},"b":{"0":[21],"1":[5],"2":[8],"3":[0,21],"4":[21,8],"5":[0,8],"6":[21,20],"7":[0,20],"8":[21,13]},"_coverageSchema":"1a1c01bbd47fc00a2c39e90264f33305004495a9","hash":"fe6752fee5abb53883bd7ba53d2ef6964e8dbfea"}
,"/Users/kingsleyeneja/study_projects/my-apps/redflagchecker/quickvibe/src/components/MicButton.tsx": {"path":"/Users/kingsleyeneja/study_projects/my-apps/redflagchecker/quickvibe/src/components/MicButton.tsx","statementMap":{"0":{"start":{"line":33,"column":19},"end":{"line":33,"column":49}},"1":{"start":{"line":35,"column":2},"end":{"line":66,"column":4}},"2":{"start":{"line":69,"column":15},"end":{"line":94,"column":2}}},"fnMap":{"0":{"name":"MicButton","decl":{"start":{"line":26,"column":16},"end":{"line":26,"column":25}},"loc":{"start":{"line":32,"column":19},"end":{"line":67,"column":1}},"line":32}},"branchMap":{"0":{"loc":{"start":{"line":28,"column":2},"end":{"line":28,"column":25}},"type":"default-arg","locations":[{"start":{"line":28,"column":19},"end":{"line":28,"column":25}}],"line":28},"1":{"loc":{"start":{"line":29,"column":2},"end":{"line":29,"column":18}},"type":"default-arg","locations":[{"start":{"line":29,"column":15},"end":{"line":29,"column":18}}],"line":29},"2":{"loc":{"start":{"line":30,"column":2},"end":{"line":30,"column":12}},"type":"default-arg","locations":[{"start":{"line":30,"column":9},"end":{"line":30,"column":12}}],"line":30},"3":{"loc":{"start":{"line":48,"column":28},"end":{"line":48,"column":69}},"type":"binary-expr","locations":[{"start":{"line":48,"column":28},"end":{"line":48,"column":46}},{"start":{"line":48,"column":50},"end":{"line":48,"column":69}}],"line":48},"4":{"loc":{"start":{"line":64,"column":7},"end":{"line":64,"column":52}},"type":"binary-expr","locations":[{"start":{"line":64,"column":7},"end":{"line":64,"column":15}},{"start":{"line":64,"column":19},"end":{"line":64,"column":52}}],"line":64}},"s":{"0":8,"1":8,"2":1},"f":{"0":8},"b":{"0":[5],"1":[7],"2":[7],"3":[8,6],"4":[8,2]},"_coverageSchema":"1a1c01bbd47fc00a2c39e90264f33305004495a9","hash":"29475caa08caf04812a0d63faa7f7dbff817b8af"}
,"/Users/kingsleyeneja/study_projects/my-apps/redflagchecker/quickvibe/src/components/MorphIcon.tsx": {"path":"/Users/kingsleyeneja/study_projects/my-apps/redflagchecker/quickvibe/src/components/MorphIcon.tsx","statementMap":{"0":{"start":{"line":14,"column":21},"end":{"line":14,"column":59}},"1":{"start":{"line":38,"column":19},"end":{"line":38,"column":58}},"2":{"start":{"line":40,"column":2},"end":{"line":44,"column":24}},"3":{"start":{"line":41,"column":4},"end":{"line":43,"column":7}},"4":{"start":{"line":49,"column":24},"end":{"line":57,"column":4}},"5":{"start":{"line":55,"column":14},"end":{"line":55,"column":57}},"6":{"start":{"line":56,"column":4},"end":{"line":56,"column":17}},"7":{"start":{"line":59,"column":2},"end":{"line":88,"column":4}},"8":{"start":{"line":91,"column":15},"end":{"line":96,"column":2}}},"fnMap":{"0":{"name":"MorphIcon","decl":{"start":{"line":32,"column":16},"end":{"line":32,"column":25}},"loc":{"start":{"line":36,"column":19},"end":{"line":89,"column":1}},"line":36},"1":{"name":"(anonymous_1)","decl":{"start":{"line":40,"column":12},"end":{"line":40,"column":13}},"loc":{"start":{"line":40,"column":18},"end":{"line":44,"column":3}},"line":40},"2":{"name":"(anonymous_2)","decl":{"start":{"line":49,"column":41},"end":{"line":49,"column":42}},"loc":{"start":{"line":49,"column":47},"end":{"line":57,"column":3}},"line":49}},"branchMap":{"0":{"loc":{"start":{"line":33,"column":2},"end":{"line":33,"column":15}},"type":"default-arg","locations":[{"start":{"line":33,"column":10},"end":{"line":33,"column":15}}],"line":33},"1":{"loc":{"start":{"line":35,"column":2},"end":{"line":35,"column":12}},"type":"default-arg","locations":[{"start":{"line":35,"column":9},"end":{"line":35,"column":12}}],"line":35},"2":{"loc":{"start":{"line":38,"column":34},"end":{"line":38,"column":57}},"type":"cond-expr","locations":[{"start":{"line":38,"column":52},"end":{"line":38,"column":53}},{"start":{"line":38,"column":56},"end":{"line":38,"column":57}}],"line":38},"3":{"loc":{"start":{"line":41,"column":32},"end":{"line":41,"column":55}},"type":"cond-expr","locations":[{"start":{"line":41,"column":50},"end":{"line":41,"column":51}},{"start":{"line":41,"column":54},"end":{"line":41,"column":55}}],"line":41},"4":{"loc":{"start":{"line":55,"column":14},"end":{"line":55,"column":57}},"type":"cond-expr","locations":[{"start":{"line":55,"column":37},"end":{"line":55,"column":45}},{"start":{"line":55,"column":48},"end":{"line":55,"column":57}}],"line":55}},"s":{"0":2,"1":13,"2":13,"3":13,"4":13,"5":0,"6":0,"7":13,"8":2},"f":{"0":13,"1":13,"2":0},"b":{"0":[1],"1":[5],"2":[12,1],"3":[12,1],"4":[0,0]},"_coverageSchema":"1a1c01bbd47fc00a2c39e90264f33305004495a9","hash":"640344383ae80187eaab3241f4be8cb6908819e4"}
,"/Users/kingsleyeneja/study_projects/my-apps/redflagchecker/quickvibe/src/components/QuestionPrompt.tsx": {"path":"/Users/kingsleyeneja/study_projects/my-apps/redflagchecker/quickvibe/src/components/QuestionPrompt.tsx","statementMap":{"0":{"start":{"line":36,"column":18},"end":{"line":36,"column":35}},"1":{"start":{"line":37,"column":21},"end":{"line":37,"column":39}},"2":{"start":{"line":39,"column":2},"end":{"line":48,"column":28}},"3":{"start":{"line":40,"column":4},"end":{"line":43,"column":7}},"4":{"start":{"line":44,"column":4},"end":{"line":47,"column":7}},"5":{"start":{"line":50,"column":24},"end":{"line":53,"column":5}},"6":{"start":{"line":50,"column":48},"end":{"line":53,"column":3}},"7":{"start":{"line":55,"column":2},"end":{"line":72,"column":4}},"8":{"start":{"line":61,"column":10},"end":{"line":68,"column":29}},"9":{"start":{"line":64,"column":27},"end":{"line":64,"column":43}},"10":{"start":{"line":75,"column":15},"end":{"line":109,"column":2}}},"fnMap":{"0":{"name":"QuestionPrompt","decl":{"start":{"line":31,"column":16},"end":{"line":31,"column":30}},"loc":{"start":{"line":35,"column":24},"end":{"line":73,"column":1}},"line":35},"1":{"name":"(anonymous_1)","decl":{"start":{"line":39,"column":12},"end":{"line":39,"column":13}},"loc":{"start":{"line":39,"column":18},"end":{"line":48,"column":3}},"line":39},"2":{"name":"(anonymous_2)","decl":{"start":{"line":50,"column":41},"end":{"line":50,"column":42}},"loc":{"start":{"line":50,"column":48},"end":{"line":53,"column":3}},"line":50},"3":{"name":"(anonymous_3)","decl":{"start":{"line":60,"column":21},"end":{"line":60,"column":22}},"loc":{"start":{"line":61,"column":10},"end":{"line":68,"column":29}},"line":61},"4":{"name":"(anonymous_4)","decl":{"start":{"line":64,"column":21},"end":{"line":64,"column":22}},"loc":{"start":{"line":64,"column":27},"end":{"line":64,"column":43}},"line":64}},"branchMap":{},"s":{"0":0,"1":0,"2":0,"3":0,"4":0,"5":0,"6":0,"7":0,"8":0,"9":0,"10":0},"f":{"0":0,"1":0,"2":0,"3":0,"4":0},"b":{}}
,"/Users/kingsleyeneja/study_projects/my-apps/redflagchecker/quickvibe/src/components/ResultCard.tsx": {"path":"/Users/kingsleyeneja/study_projects/my-apps/redflagchecker/quickvibe/src/components/ResultCard.tsx","statementMap":{"0":{"start":{"line":45,"column":32},"end":{"line":45,"column":47}},"1":{"start":{"line":47,"column":2},"end":{"line":92,"column":4}},"2":{"start":{"line":65,"column":23},"end":{"line":65,"column":50}},"3":{"start":{"line":65,"column":44},"end":{"line":65,"column":49}},"4":{"start":{"line":75,"column":12},"end":{"line":78,"column":19}},"5":{"start":{"line":95,"column":15},"end":{"line":172,"column":2}}},"fnMap":{"0":{"name":"ResultCard","decl":{"start":{"line":37,"column":16},"end":{"line":37,"column":26}},"loc":{"start":{"line":44,"column":20},"end":{"line":93,"column":1}},"line":44},"1":{"name":"(anonymous_1)","decl":{"start":{"line":65,"column":17},"end":{"line":65,"column":18}},"loc":{"start":{"line":65,"column":23},"end":{"line":65,"column":50}},"line":65},"2":{"name":"(anonymous_2)","decl":{"start":{"line":65,"column":34},"end":{"line":65,"column":35}},"loc":{"start":{"line":65,"column":44},"end":{"line":65,"column":49}},"line":65},"3":{"name":"(anonymous_3)","decl":{"start":{"line":74,"column":23},"end":{"line":74,"column":24}},"loc":{"start":{"line":75,"column":12},"end":{"line":78,"column":19}},"line":75}},"branchMap":{"0":{"loc":{"start":{"line":68,"column":44},"end":{"line":68,"column":75}},"type":"cond-expr","locations":[{"start":{"line":68,"column":54},"end":{"line":68,"column":63}},{"start":{"line":68,"column":66},"end":{"line":68,"column":75}}],"line":68},"1":{"loc":{"start":{"line":72,"column":7},"end":{"line":81,"column":7}},"type":"binary-expr","locations":[{"start":{"line":72,"column":7},"end":{"line":72,"column":14}},{"start":{"line":72,"column":18},"end":{"line":72,"column":36}},{"start":{"line":73,"column":8},"end":{"line":80,"column":15}}],"line":72}},"s":{"0":12,"1":12,"2":3,"3":3,"4":6,"5":1},"f":{"0":12,"1":3,"2":3,"3":6},"b":{"0":[2,10],"1":[12,2,2]},"_coverageSchema":"1a1c01bbd47fc00a2c39e90264f33305004495a9","hash":"4306a426639a148961db36b4a77e7634954df72f"}
,"/Users/kingsleyeneja/study_projects/my-apps/redflagchecker/quickvibe/src/constants/theme.ts": {"path":"/Users/kingsleyeneja/study_projects/my-apps/redflagchecker/quickvibe/src/constants/theme.ts","statementMap":{"0":{"start":{"line":3,"column":22},"end":{"line":32,"column":10}},"1":{"start":{"line":43,"column":40},"end":{"line":48,"column":1}},"2":{"start":{"line":53,"column":59},"end":{"line":57,"column":1}},"3":{"start":{"line":60,"column":51},"end":{"line":65,"column":1}},"4":{"start":{"line":69,"column":26},"end":{"line":85,"column":10}},"5":{"start":{"line":89,"column":23},"end":{"line":96,"column":10}},"6":{"start":{"line":100,"column":21},"end":{"line":106,"column":10}},"7":{"start":{"line":110,"column":25},"end":{"line":123,"column":10}},"8":{"start":{"line":128,"column":32},"end":{"line":139,"column":10}},"9":{"start":{"line":143,"column":28},"end":{"line":156,"column":10}},"10":{"start":{"line":150,"column":4},"end":{"line":150,"column":46}},"11":{"start":{"line":154,"column":4},"end":{"line":154,"column":37}},"12":{"start":{"line":160,"column":30},"end":{"line":167,"column":10}},"13":{"start":{"line":172,"column":15},"end":{"line":172,"column":72}},"14":{"start":{"line":172,"column":39},"end":{"line":172,"column":71}},"15":{"start":{"line":173,"column":2},"end":{"line":173,"column":34}},"16":{"start":{"line":177,"column":15},"end":{"line":177,"column":72}},"17":{"start":{"line":177,"column":39},"end":{"line":177,"column":71}},"18":{"start":{"line":178,"column":2},"end":{"line":178,"column":39}}},"fnMap":{"0":{"name":"(anonymous_0)","decl":{"start":{"line":149,"column":2},"end":{"line":149,"column":3}},"loc":{"start":{"line":149,"column":15},"end":{"line":151,"column":3}},"line":149},"1":{"name":"(anonymous_1)","decl":{"start":{"line":153,"column":2},"end":{"line":153,"column":3}},"loc":{"start":{"line":153,"column":22},"end":{"line":155,"column":3}},"line":153},"2":{"name":"getScoreLabel","decl":{"start":{"line":171,"column":16},"end":{"line":171,"column":29}},"loc":{"start":{"line":171,"column":53},"end":{"line":174,"column":1}},"line":171},"3":{"name":"(anonymous_3)","decl":{"start":{"line":172,"column":32},"end":{"line":172,"column":33}},"loc":{"start":{"line":172,"column":39},"end":{"line":172,"column":71}},"line":172},"4":{"name":"getScoreColor","decl":{"start":{"line":176,"column":16},"end":{"line":176,"column":29}},"loc":{"start":{"line":176,"column":53},"end":{"line":179,"column":1}},"line":176},"5":{"name":"(anonymous_5)","decl":{"start":{"line":177,"column":32},"end":{"line":177,"column":33}},"loc":{"start":{"line":177,"column":39},"end":{"line":177,"column":71}},"line":177}},"branchMap":{"0":{"loc":{"start":{"line":172,"column":39},"end":{"line":172,"column":71}},"type":"binary-expr","locations":[{"start":{"line":172,"column":39},"end":{"line":172,"column":53}},{"start":{"line":172,"column":57},"end":{"line":172,"column":71}}],"line":172},"1":{"loc":{"start":{"line":173,"column":9},"end":{"line":173,"column":33}},"type":"binary-expr","locations":[{"start":{"line":173,"column":9},"end":{"line":173,"column":20}},{"start":{"line":173,"column":24},"end":{"line":173,"column":33}}],"line":173},"2":{"loc":{"start":{"line":177,"column":39},"end":{"line":177,"column":71}},"type":"binary-expr","locations":[{"start":{"line":177,"column":39},"end":{"line":177,"column":53}},{"start":{"line":177,"column":57},"end":{"line":177,"column":71}}],"line":177},"3":{"loc":{"start":{"line":178,"column":9},"end":{"line":178,"column":38}},"type":"binary-expr","locations":[{"start":{"line":178,"column":9},"end":{"line":178,"column":20}},{"start":{"line":178,"column":24},"end":{"line":178,"column":38}}],"line":178}},"s":{"0":7,"1":7,"2":7,"3":7,"4":7,"5":7,"6":7,"7":7,"8":7,"9":7,"10":4,"11":2,"12":7,"13":4,"14":10,"15":4,"16":33,"17":101,"18":33},"f":{"0":4,"1":2,"2":4,"3":10,"4":33,"5":101},"b":{"0":[10,10],"1":[4,0],"2":[101,101],"3":[33,0]},"_coverageSchema":"1a1c01bbd47fc00a2c39e90264f33305004495a9","hash":"69455af500df044ef60113f6dc1dfe15e6f11935"}
,"/Users/kingsleyeneja/study_projects/my-apps/redflagchecker/quickvibe/src/hooks/useHapticSync.ts": {"path":"/Users/kingsleyeneja/study_projects/my-apps/redflagchecker/quickvibe/src/hooks/useHapticSync.ts","statementMap":{"0":{"start":{"line":15,"column":23},"end":{"line":15,"column":33}},"1":{"start":{"line":17,"column":2},"end":{"line":37,"column":4}},"2":{"start":{"line":18,"column":10},"end":{"line":18,"column":36}},"3":{"start":{"line":21,"column":6},"end":{"line":29,"column":7}},"4":{"start":{"line":21,"column":19},"end":{"line":21,"column":46}},"5":{"start":{"line":22,"column":26},"end":{"line":22,"column":45}},"6":{"start":{"line":23,"column":8},"end":{"line":28,"column":9}},"7":{"start":{"line":24,"column":10},"end":{"line":24,"column":46}},"8":{"start":{"line":26,"column":10},"end":{"line":26,"column":47}},"9":{"start":{"line":27,"column":10},"end":{"line":27,"column":16}},"10":{"start":{"line":32,"column":6},"end":{"line":34,"column":7}},"11":{"start":{"line":33,"column":8},"end":{"line":33,"column":34}},"12":{"start":{"line":41,"column":2},"end":{"line":51,"column":3}},"13":{"start":{"line":43,"column":6},"end":{"line":43,"column":45}},"14":{"start":{"line":44,"column":6},"end":{"line":44,"column":12}},"15":{"start":{"line":46,"column":6},"end":{"line":46,"column":46}},"16":{"start":{"line":47,"column":6},"end":{"line":47,"column":12}},"17":{"start":{"line":49,"column":6},"end":{"line":49,"column":45}},"18":{"start":{"line":50,"column":6},"end":{"line":50,"column":12}}},"fnMap":{"0":{"name":"useHapticSync","decl":{"start":{"line":14,"column":16},"end":{"line":14,"column":29}},"loc":{"start":{"line":14,"column":67},"end":{"line":38,"column":1}},"line":14},"1":{"name":"(anonymous_1)","decl":{"start":{"line":18,"column":4},"end":{"line":18,"column":5}},"loc":{"start":{"line":18,"column":10},"end":{"line":18,"column":36}},"line":18},"2":{"name":"(anonymous_2)","decl":{"start":{"line":19,"column":4},"end":{"line":19,"column":5}},"loc":{"start":{"line":19,"column":17},"end":{"line":35,"column":5}},"line":19},"3":{"name":"fireHaptic","decl":{"start":{"line":40,"column":9},"end":{"line":40,"column":19}},"loc":{"start":{"line":40,"column":41},"end":{"line":52,"column":1}},"line":40}},"branchMap":{"0":{"loc":{"start":{"line":23,"column":8},"end":{"line":28,"column":9}},"type":"if","locations":[{"start":{"line":23,"column":8},"end":{"line":28,"column":9}},{"start":{},"end":{}}],"line":23},"1":{"loc":{"start":{"line":23,"column":12},"end":{"line":23,"column":74}},"type":"binary-expr","locations":[{"start":{"line":23,"column":12},"end":{"line":23,"column":35}},{"start":{"line":23,"column":39},"end":{"line":23,"column":74}}],"line":23},"2":{"loc":{"start":{"line":32,"column":6},"end":{"line":34,"column":7}},"type":"if","locations":[{"start":{"line":32,"column":6},"end":{"line":34,"column":7}},{"start":{},"end":{}}],"line":32},"3":{"loc":{"start":{"line":41,"column":2},"end":{"line":51,"column":3}},"type":"switch","locations":[{"start":{"line":42,"column":4},"end":{"line":44,"column":12}},{"start":{"line":45,"column":4},"end":{"line":47,"column":12}},{"start":{"line":48,"column":4},"end":{"line":50,"column":12}}],"line":41}},"s":{"0":5,"1":5,"2":0,"3":0,"4":0,"5":0,"6":0,"7":0,"8":0,"9":0,"10":0,"11":0,"12":0,"13":0,"14":0,"15":0,"16":0,"17":0,"18":0},"f":{"0":5,"1":0,"2":0,"3":0},"b":{"0":[0,0],"1":[0,0],"2":[0,0],"3":[0,0,0]},"_coverageSchema":"1a1c01bbd47fc00a2c39e90264f33305004495a9","hash":"033d24472fbf2a3c03efd61c19e7f5dffdc53a7b"}
,"/Users/kingsleyeneja/study_projects/my-apps/redflagchecker/quickvibe/src/hooks/useRedFlagAnalysis.ts": {"path":"/Users/kingsleyeneja/study_projects/my-apps/redflagchecker/quickvibe/src/hooks/useRedFlagAnalysis.ts","statementMap":{"0":{"start":{"line":34,"column":30},"end":{"line":34,"column":61}},"1":{"start":{"line":35,"column":28},"end":{"line":35,"column":39}},"2":{"start":{"line":36,"column":30},"end":{"line":36,"column":67}},"3":{"start":{"line":37,"column":28},"end":{"line":37,"column":57}},"4":{"start":{"line":38,"column":19},"end":{"line":38,"column":36}},"5":{"start":{"line":41,"column":21},"end":{"line":41,"column":41}},"6":{"start":{"line":42,"column":25},"end":{"line":42,"column":38}},"7":{"start":{"line":44,"column":26},"end":{"line":51,"column":3}},"8":{"start":{"line":46,"column":6},"end":{"line":48,"column":9}},"9":{"start":{"line":53,"column":20},"end":{"line":105,"column":31}},"10":{"start":{"line":54,"column":4},"end":{"line":104,"column":5}},"11":{"start":{"line":56,"column":6},"end":{"line":56,"column":29}},"12":{"start":{"line":57,"column":6},"end":{"line":57,"column":36}},"13":{"start":{"line":58,"column":6},"end":{"line":58,"column":29}},"14":{"start":{"line":59,"column":11},"end":{"line":104,"column":5}},"15":{"start":{"line":61,"column":6},"end":{"line":61,"column":37}},"16":{"start":{"line":62,"column":6},"end":{"line":62,"column":32}},"17":{"start":{"line":64,"column":6},"end":{"line":103,"column":7}},"18":{"start":{"line":65,"column":8},"end":{"line":65,"column":30}},"19":{"start":{"line":68,"column":32},"end":{"line":68,"column":74}},"20":{"start":{"line":70,"column":8},"end":{"line":70,"column":30}},"21":{"start":{"line":73,"column":8},"end":{"line":73,"column":73}},"22":{"start":{"line":73,"column":33},"end":{"line":73,"column":71}},"23":{"start":{"line":75,"column":8},"end":{"line":75,"column":31}},"24":{"start":{"line":77,"column":25},"end":{"line":77,"column":38}},"25":{"start":{"line":78,"column":31},"end":{"line":81,"column":9}},"26":{"start":{"line":84,"column":8},"end":{"line":97,"column":9}},"27":{"start":{"line":88,"column":10},"end":{"line":88,"column":32}},"28":{"start":{"line":89,"column":10},"end":{"line":89,"column":41}},"29":{"start":{"line":90,"column":10},"end":{"line":90,"column":36}},"30":{"start":{"line":91,"column":10},"end":{"line":91,"column":48}},"31":{"start":{"line":93,"column":10},"end":{"line":93,"column":41}},"32":{"start":{"line":94,"column":10},"end":{"line":94,"column":36}},"33":{"start":{"line":95,"column":10},"end":{"line":95,"column":48}},"34":{"start":{"line":96,"column":10},"end":{"line":96,"column":32}},"35":{"start":{"line":99,"column":8},"end":{"line":101,"column":10}},"36":{"start":{"line":102,"column":8},"end":{"line":102,"column":26}},"37":{"start":{"line":107,"column":23},"end":{"line":143,"column":3}},"38":{"start":{"line":109,"column":6},"end":{"line":109,"column":40}},"39":{"start":{"line":109,"column":33},"end":{"line":109,"column":40}},"40":{"start":{"line":111,"column":6},"end":{"line":111,"column":38}},"41":{"start":{"line":112,"column":6},"end":{"line":112,"column":29}},"42":{"start":{"line":114,"column":6},"end":{"line":140,"column":7}},"43":{"start":{"line":115,"column":25},"end":{"line":115,"column":38}},"44":{"start":{"line":116,"column":31},"end":{"line":119,"column":9}},"45":{"start":{"line":121,"column":8},"end":{"line":134,"column":9}},"46":{"start":{"line":125,"column":10},"end":{"line":125,"column":32}},"47":{"start":{"line":126,"column":10},"end":{"line":126,"column":41}},"48":{"start":{"line":127,"column":10},"end":{"line":127,"column":36}},"49":{"start":{"line":128,"column":10},"end":{"line":128,"column":48}},"50":{"start":{"line":130,"column":10},"end":{"line":130,"column":41}},"51":{"start":{"line":131,"column":10},"end":{"line":131,"column":36}},"52":{"start":{"line":132,"column":10},"end":{"line":132,"column":48}},"53":{"start":{"line":133,"column":10},"end":{"line":133,"column":32}},"54":{"start":{"line":136,"column":8},"end":{"line":138,"column":10}},"55":{"start":{"line":139,"column":8},"end":{"line":139,"column":26}},"56":{"start":{"line":145,"column":21},"end":{"line":145,"column":58}},"57":{"start":{"line":145,"column":39},"end":{"line":145,"column":53}},"58":{"start":{"line":147,"column":16},"end":{"line":155,"column":16}},"59":{"start":{"line":148,"column":4},"end":{"line":148,"column":22}},"60":{"start":{"line":149,"column":4},"end":{"line":149,"column":16}},"61":{"start":{"line":150,"column":4},"end":{"line":150,"column":20}},"62":{"start":{"line":151,"column":4},"end":{"line":151,"column":19}},"63":{"start":{"line":152,"column":4},"end":{"line":152,"column":54}},"64":{"start":{"line":153,"column":4},"end":{"line":153,"column":28}},"65":{"start":{"line":154,"column":4},"end":{"line":154,"column":35}},"66":{"start":{"line":157,"column":2},"end":{"line":167,"column":4}}},"fnMap":{"0":{"name":"useRedFlagAnalysis","decl":{"start":{"line":33,"column":16},"end":{"line":33,"column":34}},"loc":{"start":{"line":33,"column":63},"end":{"line":168,"column":1}},"line":33},"1":{"name":"(anonymous_1)","decl":{"start":{"line":45,"column":4},"end":{"line":45,"column":5}},"loc":{"start":{"line":45,"column":24},"end":{"line":49,"column":5}},"line":45},"2":{"name":"(anonymous_2)","decl":{"start":{"line":53,"column":32},"end":{"line":53,"column":33}},"loc":{"start":{"line":53,"column":44},"end":{"line":105,"column":3}},"line":53},"3":{"name":"(anonymous_3)","decl":{"start":{"line":73,"column":26},"end":{"line":73,"column":27}},"loc":{"start":{"line":73,"column":33},"end":{"line":73,"column":71}},"line":73},"4":{"name":"(anonymous_4)","decl":{"start":{"line":108,"column":4},"end":{"line":108,"column":5}},"loc":{"start":{"line":108,"column":30},"end":{"line":141,"column":5}},"line":108},"5":{"name":"(anonymous_5)","decl":{"start":{"line":145,"column":33},"end":{"line":145,"column":34}},"loc":{"start":{"line":145,"column":39},"end":{"line":145,"column":53}},"line":145},"6":{"name":"(anonymous_6)","decl":{"start":{"line":147,"column":28},"end":{"line":147,"column":29}},"loc":{"start":{"line":147,"column":34},"end":{"line":155,"column":3}},"line":147}},"branchMap":{"0":{"loc":{"start":{"line":54,"column":4},"end":{"line":104,"column":5}},"type":"if","locations":[{"start":{"line":54,"column":4},"end":{"line":104,"column":5}},{"start":{"line":59,"column":11},"end":{"line":104,"column":5}}],"line":54},"1":{"loc":{"start":{"line":59,"column":11},"end":{"line":104,"column":5}},"type":"if","locations":[{"start":{"line":59,"column":11},"end":{"line":104,"column":5}},{"start":{},"end":{}}],"line":59},"2":{"loc":{"start":{"line":80,"column":10},"end":{"line":80,"column":72}},"type":"cond-expr","locations":[{"start":{"line":80,"column":42},"end":{"line":80,"column":60}},{"start":{"line":80,"column":63},"end":{"line":80,"column":72}}],"line":80},"3":{"loc":{"start":{"line":84,"column":8},"end":{"line":97,"column":9}},"type":"if","locations":[{"start":{"line":84,"column":8},"end":{"line":97,"column":9}},{"start":{"line":92,"column":15},"end":{"line":97,"column":9}}],"line":84},"4":{"loc":{"start":{"line":85,"column":10},"end":{"line":86,"column":53}},"type":"binary-expr","locations":[{"start":{"line":85,"column":10},"end":{"line":85,"column":42}},{"start":{"line":86,"column":10},"end":{"line":86,"column":53}}],"line":85},"5":{"loc":{"start":{"line":100,"column":10},"end":{"line":100,"column":70}},"type":"cond-expr","locations":[{"start":{"line":100,"column":33},"end":{"line":100,"column":44}},{"start":{"line":100,"column":47},"end":{"line":100,"column":70}}],"line":100},"6":{"loc":{"start":{"line":109,"column":6},"end":{"line":109,"column":40}},"type":"if","locations":[{"start":{"line":109,"column":6},"end":{"line":109,"column":40}},{"start":{},"end":{}}],"line":109},"7":{"loc":{"start":{"line":121,"column":8},"end":{"line":134,"column":9}},"type":"if","locations":[{"start":{"line":121,"column":8},"end":{"line":134,"column":9}},{"start":{"line":129,"column":15},"end":{"line":134,"column":9}}],"line":121},"8":{"loc":{"start":{"line":122,"column":10},"end":{"line":123,"column":53}},"type":"binary-expr","locations":[{"start":{"line":122,"column":10},"end":{"line":122,"column":42}},{"start":{"line":123,"column":10},"end":{"line":123,"column":53}}],"line":122},"9":{"loc":{"start":{"line":137,"column":10},"end":{"line":137,"column":65}},"type":"cond-expr","locations":[{"start":{"line":137,"column":33},"end":{"line":137,"column":44}},{"start":{"line":137,"column":47},"end":{"line":137,"column":65}}],"line":137}},"s":{"0":11,"1":11,"2":11,"3":11,"4":11,"5":11,"6":11,"7":11,"8":1,"9":11,"10":4,"11":3,"12":3,"13":3,"14":1,"15":1,"16":1,"17":1,"18":1,"19":1,"20":1,"21":1,"22":1,"23":1,"24":1,"25":1,"26":1,"27":0,"28":0,"29":0,"30":0,"31":1,"32":1,"33":1,"34":1,"35":0,"36":0,"37":11,"38":1,"39":1,"40":0,"41":0,"42":0,"43":0,"44":0,"45":0,"46":0,"47":0,"48":0,"49":0,"50":0,"51":0,"52":0,"53":0,"54":0,"55":0,"56":11,"57":0,"58":11,"59":1,"60":1,"61":1,"62":1,"63":1,"64":1,"65":1,"66":11},"f":{"0":11,"1":1,"2":4,"3":1,"4":1,"5":0,"6":1},"b":{"0":[3,1],"1":[1,0],"2":[0,1],"3":[0,1],"4":[1,0],"5":[0,0],"6":[1,0],"7":[0,0],"8":[0,0],"9":[0,0]},"_coverageSchema":"1a1c01bbd47fc00a2c39e90264f33305004495a9","hash":"493d3896433e6aa87f8f9d0d533c557f51e2f2f6"}
,"/Users/kingsleyeneja/study_projects/my-apps/redflagchecker/quickvibe/src/hooks/useSoundEffects.ts": {"path":"/Users/kingsleyeneja/study_projects/my-apps/redflagchecker/quickvibe/src/hooks/useSoundEffects.ts","statementMap":{"0":{"start":{"line":12,"column":18},"end":{"line":12,"column":47}},"1":{"start":{"line":14,"column":2},"end":{"line":25,"column":15}},"2":{"start":{"line":15,"column":17},"end":{"line":15,"column":32}},"3":{"start":{"line":16,"column":4},"end":{"line":16,"column":29}},"4":{"start":{"line":18,"column":4},"end":{"line":20,"column":5}},"5":{"start":{"line":19,"column":6},"end":{"line":19,"column":58}},"6":{"start":{"line":22,"column":4},"end":{"line":24,"column":5}},"7":{"start":{"line":23,"column":6},"end":{"line":23,"column":58}}},"fnMap":{"0":{"name":"useSoundEffects","decl":{"start":{"line":11,"column":16},"end":{"line":11,"column":31}},"loc":{"start":{"line":11,"column":61},"end":{"line":26,"column":1}},"line":11},"1":{"name":"(anonymous_1)","decl":{"start":{"line":14,"column":12},"end":{"line":14,"column":13}},"loc":{"start":{"line":14,"column":18},"end":{"line":25,"column":3}},"line":14}},"branchMap":{"0":{"loc":{"start":{"line":18,"column":4},"end":{"line":20,"column":5}},"type":"if","locations":[{"start":{"line":18,"column":4},"end":{"line":20,"column":5}},{"start":{},"end":{}}],"line":18},"1":{"loc":{"start":{"line":18,"column":8},"end":{"line":18,"column":52}},"type":"binary-expr","locations":[{"start":{"line":18,"column":8},"end":{"line":18,"column":29}},{"start":{"line":18,"column":33},"end":{"line":18,"column":52}}],"line":18},"2":{"loc":{"start":{"line":22,"column":4},"end":{"line":24,"column":5}},"type":"if","locations":[{"start":{"line":22,"column":4},"end":{"line":24,"column":5}},{"start":{},"end":{}}],"line":22},"3":{"loc":{"start":{"line":22,"column":8},"end":{"line":22,"column":52}},"type":"binary-expr","locations":[{"start":{"line":22,"column":8},"end":{"line":22,"column":29}},{"start":{"line":22,"column":33},"end":{"line":22,"column":52}}],"line":22}},"s":{"0":0,"1":0,"2":0,"3":0,"4":0,"5":0,"6":0,"7":0},"f":{"0":0,"1":0},"b":{"0":[0,0],"1":[0,0],"2":[0,0],"3":[0,0]}}
,"/Users/kingsleyeneja/study_projects/my-apps/redflagchecker/quickvibe/src/services/speech.ts": {"path":"/Users/kingsleyeneja/study_projects/my-apps/redflagchecker/quickvibe/src/services/speech.ts","statementMap":{"0":{"start":{"line":5,"column":16},"end":{"line":5,"column":25}},"1":{"start":{"line":12,"column":4},"end":{"line":12,"column":75}},"2":{"start":{"line":14,"column":2},"end":{"line":23,"column":3}},"3":{"start":{"line":16,"column":6},"end":{"line":16,"column":81}},"4":{"start":{"line":18,"column":4},"end":{"line":22,"column":5}},"5":{"start":{"line":19,"column":6},"end":{"line":21,"column":8}},"6":{"start":{"line":25,"column":2},"end":{"line":29,"column":5}},"7":{"start":{"line":37,"column":2},"end":{"line":37,"column":43}},"8":{"start":{"line":38,"column":2},"end":{"line":38,"column":14}}},"fnMap":{"0":{"name":"startListening","decl":{"start":{"line":10,"column":22},"end":{"line":10,"column":36}},"loc":{"start":{"line":10,"column":54},"end":{"line":30,"column":1}},"line":10},"1":{"name":"stopListening","decl":{"start":{"line":36,"column":22},"end":{"line":36,"column":35}},"loc":{"start":{"line":36,"column":83},"end":{"line":39,"column":1}},"line":36}},"branchMap":{"0":{"loc":{"start":{"line":14,"column":2},"end":{"line":23,"column":3}},"type":"if","locations":[{"start":{"line":14,"column":2},"end":{"line":23,"column":3}},{"start":{},"end":{}}],"line":14},"1":{"loc":{"start":{"line":18,"column":4},"end":{"line":22,"column":5}},"type":"if","locations":[{"start":{"line":18,"column":4},"end":{"line":22,"column":5}},{"start":{},"end":{}}],"line":18}},"s":{"0":1,"1":4,"2":4,"3":2,"4":2,"5":1,"6":3,"7":2,"8":1},"f":{"0":4,"1":2},"b":{"0":[2,2],"1":[1,1]},"_coverageSchema":"1a1c01bbd47fc00a2c39e90264f33305004495a9","hash":"7d51fe5a8bcb4fe899d0318126bacc349bef8626"}
,"/Users/kingsleyeneja/study_projects/my-apps/redflagchecker/quickvibe/src/services/ai/index.ts": {"path":"/Users/kingsleyeneja/study_projects/my-apps/redflagchecker/quickvibe/src/services/ai/index.ts","statementMap":{},"fnMap":{},"branchMap":{},"s":{},"f":{},"b":{}}
,"/Users/kingsleyeneja/study_projects/my-apps/redflagchecker/quickvibe/src/services/ai/provider-factory.ts": {"path":"/Users/kingsleyeneja/study_projects/my-apps/redflagchecker/quickvibe/src/services/ai/provider-factory.ts","statementMap":{"0":{"start":{"line":10,"column":54},"end":{"line":15,"column":1}},"1":{"start":{"line":17,"column":45},"end":{"line":22,"column":1}},"2":{"start":{"line":25,"column":48},"end":{"line":25,"column":52}},"3":{"start":{"line":29,"column":2},"end":{"line":29,"column":22}},"4":{"start":{"line":33,"column":2},"end":{"line":33,"column":36}},"5":{"start":{"line":33,"column":18},"end":{"line":33,"column":36}},"6":{"start":{"line":34,"column":2},"end":{"line":34,"column":71}},"7":{"start":{"line":43,"column":17},"end":{"line":43,"column":29}},"8":{"start":{"line":44,"column":23},"end":{"line":44,"column":82}},"9":{"start":{"line":46,"column":2},"end":{"line":50,"column":3}},"10":{"start":{"line":47,"column":4},"end":{"line":49,"column":6}},"11":{"start":{"line":52,"column":24},"end":{"line":52,"column":46}},"12":{"start":{"line":54,"column":2},"end":{"line":58,"column":3}},"13":{"start":{"line":55,"column":4},"end":{"line":57,"column":6}},"14":{"start":{"line":60,"column":20},"end":{"line":60,"column":52}},"15":{"start":{"line":61,"column":17},"end":{"line":61,"column":40}},"16":{"start":{"line":63,"column":2},"end":{"line":67,"column":3}},"17":{"start":{"line":64,"column":4},"end":{"line":66,"column":6}},"18":{"start":{"line":69,"column":2},"end":{"line":69,"column":35}}},"fnMap":{"0":{"name":"__setTestConfig","decl":{"start":{"line":28,"column":16},"end":{"line":28,"column":31}},"loc":{"start":{"line":28,"column":77},"end":{"line":30,"column":1}},"line":28},"1":{"name":"readConfig","decl":{"start":{"line":32,"column":9},"end":{"line":32,"column":19}},"loc":{"start":{"line":32,"column":46},"end":{"line":35,"column":1}},"line":32},"2":{"name":"getProvider","decl":{"start":{"line":42,"column":16},"end":{"line":42,"column":27}},"loc":{"start":{"line":42,"column":42},"end":{"line":70,"column":1}},"line":42}},"branchMap":{"0":{"loc":{"start":{"line":33,"column":2},"end":{"line":33,"column":36}},"type":"if","locations":[{"start":{"line":33,"column":2},"end":{"line":33,"column":36}},{"start":{},"end":{}}],"line":33},"1":{"loc":{"start":{"line":34,"column":9},"end":{"line":34,"column":70}},"type":"binary-expr","locations":[{"start":{"line":34,"column":10},"end":{"line":34,"column":63}},{"start":{"line":34,"column":68},"end":{"line":34,"column":70}}],"line":34},"2":{"loc":{"start":{"line":44,"column":24},"end":{"line":44,"column":60}},"type":"binary-expr","locations":[{"start":{"line":44,"column":24},"end":{"line":44,"column":54}},{"start":{"line":44,"column":58},"end":{"line":44,"column":60}}],"line":44},"3":{"loc":{"start":{"line":46,"column":2},"end":{"line":50,"column":3}},"type":"if","locations":[{"start":{"line":46,"column":2},"end":{"line":50,"column":3}},{"start":{},"end":{}}],"line":46},"4":{"loc":{"start":{"line":54,"column":2},"end":{"line":58,"column":3}},"type":"if","locations":[{"start":{"line":54,"column":2},"end":{"line":58,"column":3}},{"start":{},"end":{}}],"line":54},"5":{"loc":{"start":{"line":60,"column":20},"end":{"line":60,"column":52}},"type":"binary-expr","locations":[{"start":{"line":60,"column":20},"end":{"line":60,"column":46}},{"start":{"line":60,"column":50},"end":{"line":60,"column":52}}],"line":60},"6":{"loc":{"start":{"line":61,"column":17},"end":{"line":61,"column":40}},"type":"binary-expr","locations":[{"start":{"line":61,"column":17},"end":{"line":61,"column":34}},{"start":{"line":61,"column":38},"end":{"line":61,"column":40}}],"line":61},"7":{"loc":{"start":{"line":63,"column":2},"end":{"line":67,"column":3}},"type":"if","locations":[{"start":{"line":63,"column":2},"end":{"line":67,"column":3}},{"start":{},"end":{}}],"line":63}},"s":{"0":1,"1":1,"2":1,"3":1,"4":9,"5":9,"6":0,"7":9,"8":9,"9":9,"10":1,"11":8,"12":8,"13":1,"14":7,"15":7,"16":7,"17":0,"18":7},"f":{"0":1,"1":9,"2":9},"b":{"0":[9,0],"1":[0,0],"2":[9,0],"3":[1,8],"4":[1,7],"5":[7,0],"6":[7,0],"7":[0,7]},"_coverageSchema":"1a1c01bbd47fc00a2c39e90264f33305004495a9","hash":"4c2d26dc1d58f4ef917e3f0b04cb2d28cd6d5c95"}
,"/Users/kingsleyeneja/study_projects/my-apps/redflagchecker/quickvibe/src/services/ai/types.ts": {"path":"/Users/kingsleyeneja/study_projects/my-apps/redflagchecker/quickvibe/src/services/ai/types.ts","statementMap":{},"fnMap":{},"branchMap":{},"s":{},"f":{},"b":{}}
,"/Users/kingsleyeneja/study_projects/my-apps/redflagchecker/quickvibe/src/services/ai/providers/base.ts": {"path":"/Users/kingsleyeneja/study_projects/my-apps/redflagchecker/quickvibe/src/services/ai/providers/base.ts","statementMap":{"0":{"start":{"line":4,"column":22},"end":{"line":16,"column":2}},"1":{"start":{"line":38,"column":59},"end":{"line":40,"column":5}},"2":{"start":{"line":42,"column":4},"end":{"line":47,"column":5}},"3":{"start":{"line":43,"column":6},"end":{"line":46,"column":9}},"4":{"start":{"line":49,"column":4},"end":{"line":49,"column":51}},"5":{"start":{"line":51,"column":21},"end":{"line":63,"column":6}},"6":{"start":{"line":65,"column":4},"end":{"line":69,"column":5}},"7":{"start":{"line":66,"column":6},"end":{"line":68,"column":8}},"8":{"start":{"line":71,"column":17},"end":{"line":71,"column":38}},"9":{"start":{"line":73,"column":4},"end":{"line":75,"column":5}},"10":{"start":{"line":74,"column":6},"end":{"line":74,"column":58}},"11":{"start":{"line":77,"column":20},"end":{"line":77,"column":51}},"12":{"start":{"line":78,"column":35},"end":{"line":78,"column":54}},"13":{"start":{"line":80,"column":4},"end":{"line":82,"column":5}},"14":{"start":{"line":81,"column":6},"end":{"line":81,"column":61}},"15":{"start":{"line":84,"column":4},"end":{"line":84,"column":18}}},"fnMap":{"0":{"name":"(anonymous_0)","decl":{"start":{"line":32,"column":2},"end":{"line":32,"column":3}},"loc":{"start":{"line":32,"column":49},"end":{"line":32,"column":52}},"line":32},"1":{"name":"(anonymous_1)","decl":{"start":{"line":34,"column":2},"end":{"line":34,"column":3}},"loc":{"start":{"line":37,"column":29},"end":{"line":85,"column":3}},"line":37}},"branchMap":{"0":{"loc":{"start":{"line":42,"column":4},"end":{"line":47,"column":5}},"type":"if","locations":[{"start":{"line":42,"column":4},"end":{"line":47,"column":5}},{"start":{},"end":{}}],"line":42},"1":{"loc":{"start":{"line":42,"column":8},"end":{"line":42,"column":53}},"type":"binary-expr","locations":[{"start":{"line":42,"column":8},"end":{"line":42,"column":23}},{"start":{"line":42,"column":27},"end":{"line":42,"column":53}}],"line":42},"2":{"loc":{"start":{"line":65,"column":4},"end":{"line":69,"column":5}},"type":"if","locations":[{"start":{"line":65,"column":4},"end":{"line":69,"column":5}},{"start":{},"end":{}}],"line":65},"3":{"loc":{"start":{"line":73,"column":4},"end":{"line":75,"column":5}},"type":"if","locations":[{"start":{"line":73,"column":4},"end":{"line":75,"column":5}},{"start":{},"end":{}}],"line":73},"4":{"loc":{"start":{"line":73,"column":8},"end":{"line":73,"column":50}},"type":"binary-expr","locations":[{"start":{"line":73,"column":8},"end":{"line":73,"column":21}},{"start":{"line":73,"column":25},"end":{"line":73,"column":50}}],"line":73},"5":{"loc":{"start":{"line":80,"column":4},"end":{"line":82,"column":5}},"type":"if","locations":[{"start":{"line":80,"column":4},"end":{"line":82,"column":5}},{"start":{},"end":{}}],"line":80}},"s":{"0":0,"1":0,"2":0,"3":0,"4":0,"5":0,"6":0,"7":0,"8":0,"9":0,"10":0,"11":0,"12":0,"13":0,"14":0,"15":0},"f":{"0":0,"1":0},"b":{"0":[0,0],"1":[0,0],"2":[0,0],"3":[0,0],"4":[0,0],"5":[0,0]}}
,"/Users/kingsleyeneja/study_projects/my-apps/redflagchecker/quickvibe/src/services/ai/providers/cohere.ts": {"path":"/Users/kingsleyeneja/study_projects/my-apps/redflagchecker/quickvibe/src/services/ai/providers/cohere.ts","statementMap":{"0":{"start":{"line":4,"column":16},"end":{"line":4,"column":47}},"1":{"start":{"line":5,"column":14},"end":{"line":5,"column":30}},"2":{"start":{"line":7,"column":22},"end":{"line":19,"column":2}},"3":{"start":{"line":22,"column":18},"end":{"line":22,"column":38}},"4":{"start":{"line":30,"column":18},"end":{"line":30,"column":22}},"5":{"start":{"line":31,"column":4},"end":{"line":33,"column":5}},"6":{"start":{"line":32,"column":6},"end":{"line":32,"column":78}},"7":{"start":{"line":35,"column":21},"end":{"line":48,"column":6}},"8":{"start":{"line":50,"column":4},"end":{"line":54,"column":5}},"9":{"start":{"line":51,"column":6},"end":{"line":53,"column":8}},"10":{"start":{"line":56,"column":17},"end":{"line":56,"column":38}},"11":{"start":{"line":57,"column":20},"end":{"line":57,"column":29}},"12":{"start":{"line":59,"column":4},"end":{"line":61,"column":5}},"13":{"start":{"line":60,"column":6},"end":{"line":60,"column":56}},"14":{"start":{"line":63,"column":35},"end":{"line":63,"column":54}},"15":{"start":{"line":65,"column":4},"end":{"line":67,"column":5}},"16":{"start":{"line":66,"column":6},"end":{"line":66,"column":55}},"17":{"start":{"line":69,"column":4},"end":{"line":69,"column":18}}},"fnMap":{"0":{"name":"(anonymous_0)","decl":{"start":{"line":24,"column":2},"end":{"line":24,"column":3}},"loc":{"start":{"line":24,"column":47},"end":{"line":24,"column":50}},"line":24},"1":{"name":"(anonymous_1)","decl":{"start":{"line":26,"column":2},"end":{"line":26,"column":3}},"loc":{"start":{"line":29,"column":29},"end":{"line":70,"column":3}},"line":29}},"branchMap":{"0":{"loc":{"start":{"line":31,"column":4},"end":{"line":33,"column":5}},"type":"if","locations":[{"start":{"line":31,"column":4},"end":{"line":33,"column":5}},{"start":{},"end":{}}],"line":31},"1":{"loc":{"start":{"line":50,"column":4},"end":{"line":54,"column":5}},"type":"if","locations":[{"start":{"line":50,"column":4},"end":{"line":54,"column":5}},{"start":{},"end":{}}],"line":50},"2":{"loc":{"start":{"line":59,"column":4},"end":{"line":61,"column":5}},"type":"if","locations":[{"start":{"line":59,"column":4},"end":{"line":61,"column":5}},{"start":{},"end":{}}],"line":59},"3":{"loc":{"start":{"line":65,"column":4},"end":{"line":67,"column":5}},"type":"if","locations":[{"start":{"line":65,"column":4},"end":{"line":67,"column":5}},{"start":{},"end":{}}],"line":65}},"s":{"0":2,"1":2,"2":2,"3":7,"4":4,"5":4,"6":0,"7":4,"8":3,"9":0,"10":3,"11":3,"12":3,"13":0,"14":3,"15":3,"16":0,"17":3},"f":{"0":7,"1":4},"b":{"0":[0,4],"1":[0,3],"2":[0,3],"3":[0,3]},"_coverageSchema":"1a1c01bbd47fc00a2c39e90264f33305004495a9","hash":"d566fe12b9e5e70ec3990fc4e6c00cbfa829de5b"}
,"/Users/kingsleyeneja/study_projects/my-apps/redflagchecker/quickvibe/src/services/ai/providers/deepseek.ts": {"path":"/Users/kingsleyeneja/study_projects/my-apps/redflagchecker/quickvibe/src/services/ai/providers/deepseek.ts","statementMap":{"0":{"start":{"line":4,"column":16},"end":{"line":4,"column":62}},"1":{"start":{"line":5,"column":14},"end":{"line":5,"column":29}},"2":{"start":{"line":7,"column":22},"end":{"line":19,"column":2}},"3":{"start":{"line":25,"column":18},"end":{"line":25,"column":33}},"4":{"start":{"line":33,"column":58},"end":{"line":35,"column":5}},"5":{"start":{"line":37,"column":4},"end":{"line":42,"column":5}},"6":{"start":{"line":38,"column":6},"end":{"line":41,"column":9}},"7":{"start":{"line":44,"column":4},"end":{"line":44,"column":51}},"8":{"start":{"line":46,"column":21},"end":{"line":58,"column":6}},"9":{"start":{"line":60,"column":4},"end":{"line":64,"column":5}},"10":{"start":{"line":61,"column":6},"end":{"line":63,"column":8}},"11":{"start":{"line":66,"column":17},"end":{"line":66,"column":38}},"12":{"start":{"line":68,"column":4},"end":{"line":70,"column":5}},"13":{"start":{"line":69,"column":6},"end":{"line":69,"column":54}},"14":{"start":{"line":72,"column":20},"end":{"line":72,"column":51}},"15":{"start":{"line":73,"column":35},"end":{"line":73,"column":54}},"16":{"start":{"line":75,"column":4},"end":{"line":77,"column":5}},"17":{"start":{"line":76,"column":6},"end":{"line":76,"column":57}},"18":{"start":{"line":79,"column":4},"end":{"line":79,"column":18}}},"fnMap":{"0":{"name":"(anonymous_0)","decl":{"start":{"line":27,"column":2},"end":{"line":27,"column":3}},"loc":{"start":{"line":27,"column":47},"end":{"line":27,"column":49}},"line":27},"1":{"name":"(anonymous_1)","decl":{"start":{"line":29,"column":2},"end":{"line":29,"column":3}},"loc":{"start":{"line":32,"column":29},"end":{"line":80,"column":3}},"line":32}},"branchMap":{"0":{"loc":{"start":{"line":37,"column":4},"end":{"line":42,"column":5}},"type":"if","locations":[{"start":{"line":37,"column":4},"end":{"line":42,"column":5}},{"start":{},"end":{}}],"line":37},"1":{"loc":{"start":{"line":60,"column":4},"end":{"line":64,"column":5}},"type":"if","locations":[{"start":{"line":60,"column":4},"end":{"line":64,"column":5}},{"start":{},"end":{}}],"line":60},"2":{"loc":{"start":{"line":68,"column":4},"end":{"line":70,"column":5}},"type":"if","locations":[{"start":{"line":68,"column":4},"end":{"line":70,"column":5}},{"start":{},"end":{}}],"line":68},"3":{"loc":{"start":{"line":75,"column":4},"end":{"line":77,"column":5}},"type":"if","locations":[{"start":{"line":75,"column":4},"end":{"line":77,"column":5}},{"start":{},"end":{}}],"line":75}},"s":{"0":2,"1":2,"2":2,"3":6,"4":4,"5":4,"6":0,"7":4,"8":4,"9":3,"10":0,"11":3,"12":3,"13":0,"14":3,"15":3,"16":3,"17":0,"18":3},"f":{"0":6,"1":4},"b":{"0":[0,4],"1":[0,3],"2":[0,3],"3":[0,3]},"_coverageSchema":"1a1c01bbd47fc00a2c39e90264f33305004495a9","hash":"3ee08d9d14c6c9c759635a563c8a076cc12813e6"}
,"/Users/kingsleyeneja/study_projects/my-apps/redflagchecker/quickvibe/src/services/ai/providers/openai.ts": {"path":"/Users/kingsleyeneja/study_projects/my-apps/redflagchecker/quickvibe/src/services/ai/providers/openai.ts","statementMap":{"0":{"start":{"line":4,"column":16},"end":{"line":4,"column":60}},"1":{"start":{"line":5,"column":14},"end":{"line":5,"column":27}},"2":{"start":{"line":7,"column":22},"end":{"line":19,"column":2}},"3":{"start":{"line":28,"column":18},"end":{"line":28,"column":36}},"4":{"start":{"line":33,"column":4},"end":{"line":33,"column":25}},"5":{"start":{"line":40,"column":59},"end":{"line":42,"column":5}},"6":{"start":{"line":45,"column":4},"end":{"line":50,"column":5}},"7":{"start":{"line":46,"column":6},"end":{"line":49,"column":9}},"8":{"start":{"line":52,"column":4},"end":{"line":52,"column":51}},"9":{"start":{"line":54,"column":21},"end":{"line":66,"column":6}},"10":{"start":{"line":68,"column":4},"end":{"line":72,"column":5}},"11":{"start":{"line":69,"column":6},"end":{"line":71,"column":8}},"12":{"start":{"line":74,"column":17},"end":{"line":74,"column":38}},"13":{"start":{"line":76,"column":4},"end":{"line":78,"column":5}},"14":{"start":{"line":77,"column":6},"end":{"line":77,"column":64}},"15":{"start":{"line":80,"column":20},"end":{"line":80,"column":51}},"16":{"start":{"line":81,"column":35},"end":{"line":81,"column":54}},"17":{"start":{"line":84,"column":4},"end":{"line":86,"column":5}},"18":{"start":{"line":85,"column":6},"end":{"line":85,"column":55}},"19":{"start":{"line":88,"column":4},"end":{"line":88,"column":18}}},"fnMap":{"0":{"name":"(anonymous_0)","decl":{"start":{"line":32,"column":2},"end":{"line":32,"column":3}},"loc":{"start":{"line":32,"column":30},"end":{"line":34,"column":3}},"line":32},"1":{"name":"(anonymous_1)","decl":{"start":{"line":36,"column":2},"end":{"line":36,"column":3}},"loc":{"start":{"line":39,"column":29},"end":{"line":89,"column":3}},"line":39}},"branchMap":{"0":{"loc":{"start":{"line":45,"column":4},"end":{"line":50,"column":5}},"type":"if","locations":[{"start":{"line":45,"column":4},"end":{"line":50,"column":5}},{"start":{},"end":{}}],"line":45},"1":{"loc":{"start":{"line":45,"column":8},"end":{"line":45,"column":53}},"type":"binary-expr","locations":[{"start":{"line":45,"column":8},"end":{"line":45,"column":23}},{"start":{"line":45,"column":27},"end":{"line":45,"column":53}}],"line":45},"2":{"loc":{"start":{"line":68,"column":4},"end":{"line":72,"column":5}},"type":"if","locations":[{"start":{"line":68,"column":4},"end":{"line":72,"column":5}},{"start":{},"end":{}}],"line":68},"3":{"loc":{"start":{"line":76,"column":4},"end":{"line":78,"column":5}},"type":"if","locations":[{"start":{"line":76,"column":4},"end":{"line":78,"column":5}},{"start":{},"end":{}}],"line":76},"4":{"loc":{"start":{"line":76,"column":8},"end":{"line":76,"column":50}},"type":"binary-expr","locations":[{"start":{"line":76,"column":8},"end":{"line":76,"column":21}},{"start":{"line":76,"column":25},"end":{"line":76,"column":50}}],"line":76},"5":{"loc":{"start":{"line":84,"column":4},"end":{"line":86,"column":5}},"type":"if","locations":[{"start":{"line":84,"column":4},"end":{"line":86,"column":5}},{"start":{},"end":{}}],"line":84}},"s":{"0":2,"1":2,"2":2,"3":13,"4":13,"5":9,"6":9,"7":0,"8":9,"9":9,"10":8,"11":0,"12":8,"13":8,"14":1,"15":7,"16":7,"17":7,"18":0,"19":7},"f":{"0":13,"1":9},"b":{"0":[0,9],"1":[9,0],"2":[0,8],"3":[1,7],"4":[8,8],"5":[0,7]},"_coverageSchema":"1a1c01bbd47fc00a2c39e90264f33305004495a9","hash":"aec0b5ba80f9f61ad14e873cb0df91d04958f2fd"}
,"/Users/kingsleyeneja/study_projects/my-apps/redflagchecker/quickvibe/src/services/ai/providers/zai.ts": {"path":"/Users/kingsleyeneja/study_projects/my-apps/redflagchecker/quickvibe/src/services/ai/providers/zai.ts","statementMap":{"0":{"start":{"line":4,"column":16},"end":{"line":4,"column":71}},"1":{"start":{"line":5,"column":14},"end":{"line":5,"column":27}},"2":{"start":{"line":7,"column":22},"end":{"line":19,"column":2}},"3":{"start":{"line":25,"column":18},"end":{"line":25,"column":30}},"4":{"start":{"line":33,"column":59},"end":{"line":35,"column":5}},"5":{"start":{"line":37,"column":4},"end":{"line":42,"column":5}},"6":{"start":{"line":38,"column":6},"end":{"line":41,"column":9}},"7":{"start":{"line":44,"column":4},"end":{"line":44,"column":51}},"8":{"start":{"line":46,"column":21},"end":{"line":58,"column":6}},"9":{"start":{"line":60,"column":4},"end":{"line":64,"column":5}},"10":{"start":{"line":61,"column":6},"end":{"line":63,"column":8}},"11":{"start":{"line":66,"column":17},"end":{"line":66,"column":38}},"12":{"start":{"line":68,"column":4},"end":{"line":70,"column":5}},"13":{"start":{"line":69,"column":6},"end":{"line":69,"column":50}},"14":{"start":{"line":72,"column":20},"end":{"line":72,"column":51}},"15":{"start":{"line":73,"column":35},"end":{"line":73,"column":54}},"16":{"start":{"line":75,"column":4},"end":{"line":77,"column":5}},"17":{"start":{"line":76,"column":6},"end":{"line":76,"column":53}},"18":{"start":{"line":79,"column":4},"end":{"line":79,"column":18}}},"fnMap":{"0":{"name":"(anonymous_0)","decl":{"start":{"line":27,"column":2},"end":{"line":27,"column":3}},"loc":{"start":{"line":27,"column":47},"end":{"line":27,"column":50}},"line":27},"1":{"name":"(anonymous_1)","decl":{"start":{"line":29,"column":2},"end":{"line":29,"column":3}},"loc":{"start":{"line":32,"column":29},"end":{"line":80,"column":3}},"line":32}},"branchMap":{"0":{"loc":{"start":{"line":37,"column":4},"end":{"line":42,"column":5}},"type":"if","locations":[{"start":{"line":37,"column":4},"end":{"line":42,"column":5}},{"start":{},"end":{}}],"line":37},"1":{"loc":{"start":{"line":60,"column":4},"end":{"line":64,"column":5}},"type":"if","locations":[{"start":{"line":60,"column":4},"end":{"line":64,"column":5}},{"start":{},"end":{}}],"line":60},"2":{"loc":{"start":{"line":68,"column":4},"end":{"line":70,"column":5}},"type":"if","locations":[{"start":{"line":68,"column":4},"end":{"line":70,"column":5}},{"start":{},"end":{}}],"line":68},"3":{"loc":{"start":{"line":75,"column":4},"end":{"line":77,"column":5}},"type":"if","locations":[{"start":{"line":75,"column":4},"end":{"line":77,"column":5}},{"start":{},"end":{}}],"line":75}},"s":{"0":2,"1":2,"2":2,"3":6,"4":4,"5":4,"6":0,"7":4,"8":4,"9":3,"10":0,"11":3,"12":3,"13":0,"14":3,"15":3,"16":3,"17":0,"18":3},"f":{"0":6,"1":4},"b":{"0":[0,4],"1":[0,3],"2":[0,3],"3":[0,3]},"_coverageSchema":"1a1c01bbd47fc00a2c39e90264f33305004495a9","hash":"e8da4e6224cf7f9f8ce312f6bbc8206f1ad021dd"}
}
