TN:
SF:src/components/AudioSpectrum.tsx
FN:31,AudioSpectrum
FN:39,(anonymous_1)
FN:39,(anonymous_2)
FN:43,(anonymous_3)
FN:45,(anonymous_4)
FN:60,(anonymous_5)
FN:68,(anonymous_6)
FN:70,(anonymous_7)
FNF:8
FNH:7
FNDA:20,AudioSpectrum
FNDA:20,(anonymous_1)
FNDA:79,(anonymous_2)
FNDA:20,(anonymous_3)
FNDA:47,(anonymous_4)
FNDA:32,(anonymous_5)
FNDA:79,(anonymous_6)
FNDA:0,(anonymous_7)
DA:24,2
DA:38,20
DA:39,79
DA:43,20
DA:44,20
DA:45,12
DA:46,47
DA:60,8
DA:61,32
DA:66,20
DA:70,79
DA:71,0
DA:72,0
DA:73,0
DA:74,0
DA:80,79
DA:82,79
DA:84,79
DA:104,2
LF:19
LH:15
BRDA:33,0,0,7
BRDA:34,1,0,19
BRDA:35,2,0,11
BRDA:44,3,0,12
BRDA:44,3,1,8
BRDA:82,4,0,40
BRDA:82,4,1,39
BRF:7
BRH:7
end_of_record
TN:
SF:src/components/BackgroundGradient.tsx
FN:19,BackgroundGradient
FN:25,(anonymous_1)
FN:70,interpolateHex
FNF:3
FNH:0
FNDA:0,BackgroundGradient
FNDA:0,(anonymous_1)
FNDA:0,interpolateHex
DA:25,0
DA:26,0
DA:29,0
DA:30,0
DA:32,0
DA:33,0
DA:37,0
DA:38,0
DA:39,0
DA:44,0
DA:45,0
DA:49,0
DA:51,0
DA:54,0
DA:71,0
DA:72,0
DA:73,0
DA:74,0
DA:75,0
DA:76,0
DA:78,0
DA:79,0
DA:80,0
DA:82,0
DA:85,0
LF:25
LH:0
BRDA:33,0,0,0
BRDA:33,0,1,0
BRDA:34,1,0,0
BRDA:34,1,1,0
BRDA:45,2,0,0
BRDA:45,2,1,0
BRF:6
BRH:0
end_of_record
TN:
SF:src/components/CircularLoader.tsx
FN:34,CircularLoader
FNF:1
FNH:1
FNDA:21,CircularLoader
DA:27,2
DA:43,21
DA:47,21
DA:49,21
DA:52,21
DA:54,21
DA:103,2
LF:7
LH:7
BRDA:36,0,0,21
BRDA:37,1,0,5
BRDA:38,2,0,8
BRDA:43,3,0,0
BRDA:43,3,1,21
BRDA:49,4,0,21
BRDA:49,4,1,8
BRDA:49,5,0,0
BRDA:49,5,1,8
BRDA:90,6,0,21
BRDA:90,6,1,20
BRDA:92,7,0,0
BRDA:92,7,1,20
BRDA:95,8,0,21
BRDA:95,8,1,13
BRF:15
BRH:12
end_of_record
TN:
SF:src/components/MicButton.tsx
FN:26,MicButton
FNF:1
FNH:1
FNDA:8,MicButton
DA:33,8
DA:35,8
DA:69,1
LF:3
LH:3
BRDA:28,0,0,5
BRDA:29,1,0,7
BRDA:30,2,0,7
BRDA:48,3,0,8
BRDA:48,3,1,6
BRDA:64,4,0,8
BRDA:64,4,1,2
BRF:7
BRH:7
end_of_record
TN:
SF:src/components/MorphIcon.tsx
FN:32,MorphIcon
FN:40,(anonymous_1)
FN:49,(anonymous_2)
FNF:3
FNH:2
FNDA:13,MorphIcon
FNDA:13,(anonymous_1)
FNDA:0,(anonymous_2)
DA:14,2
DA:38,13
DA:40,13
DA:41,13
DA:49,13
DA:55,0
DA:56,0
DA:59,13
DA:91,2
LF:9
LH:7
BRDA:33,0,0,1
BRDA:35,1,0,5
BRDA:38,2,0,12
BRDA:38,2,1,1
BRDA:41,3,0,12
BRDA:41,3,1,1
BRDA:55,4,0,0
BRDA:55,4,1,0
BRF:8
BRH:6
end_of_record
TN:
SF:src/components/QuestionPrompt.tsx
FN:31,QuestionPrompt
FN:39,(anonymous_1)
FN:50,(anonymous_2)
FN:60,(anonymous_3)
FN:64,(anonymous_4)
FNF:5
FNH:0
FNDA:0,QuestionPrompt
FNDA:0,(anonymous_1)
FNDA:0,(anonymous_2)
FNDA:0,(anonymous_3)
FNDA:0,(anonymous_4)
DA:36,0
DA:37,0
DA:39,0
DA:40,0
DA:44,0
DA:50,0
DA:55,0
DA:61,0
DA:64,0
DA:75,0
LF:10
LH:0
BRF:0
BRH:0
end_of_record
TN:
SF:src/components/ResultCard.tsx
FN:37,ResultCard
FN:65,(anonymous_1)
FN:65,(anonymous_2)
FN:74,(anonymous_3)
FNF:4
FNH:4
FNDA:12,ResultCard
FNDA:3,(anonymous_1)
FNDA:3,(anonymous_2)
FNDA:6,(anonymous_3)
DA:45,12
DA:47,12
DA:65,3
DA:75,6
DA:95,1
LF:5
LH:5
BRDA:68,0,0,2
BRDA:68,0,1,10
BRDA:72,1,0,12
BRDA:72,1,1,2
BRDA:72,1,2,2
BRF:5
BRH:5
end_of_record
TN:
SF:src/constants/theme.ts
FN:149,(anonymous_0)
FN:153,(anonymous_1)
FN:171,getScoreLabel
FN:172,(anonymous_3)
FN:176,getScoreColor
FN:177,(anonymous_5)
FNF:6
FNH:6
FNDA:4,(anonymous_0)
FNDA:2,(anonymous_1)
FNDA:4,getScoreLabel
FNDA:10,(anonymous_3)
FNDA:33,getScoreColor
FNDA:101,(anonymous_5)
DA:3,7
DA:43,7
DA:53,7
DA:60,7
DA:69,7
DA:89,7
DA:100,7
DA:110,7
DA:128,7
DA:143,7
DA:150,4
DA:154,2
DA:160,7
DA:172,10
DA:173,4
DA:177,101
DA:178,33
LF:17
LH:17
BRDA:172,0,0,10
BRDA:172,0,1,10
BRDA:173,1,0,4
BRDA:173,1,1,0
BRDA:177,2,0,101
BRDA:177,2,1,101
BRDA:178,3,0,33
BRDA:178,3,1,0
BRF:8
BRH:6
end_of_record
TN:
SF:src/hooks/useHapticSync.ts
FN:14,useHapticSync
FN:18,(anonymous_1)
FN:19,(anonymous_2)
FN:40,fireHaptic
FNF:4
FNH:1
FNDA:5,useHapticSync
FNDA:0,(anonymous_1)
FNDA:0,(anonymous_2)
FNDA:0,fireHaptic
DA:15,5
DA:17,5
DA:18,0
DA:21,0
DA:22,0
DA:23,0
DA:24,0
DA:26,0
DA:27,0
DA:32,0
DA:33,0
DA:41,0
DA:43,0
DA:44,0
DA:46,0
DA:47,0
DA:49,0
DA:50,0
LF:18
LH:2
BRDA:23,0,0,0
BRDA:23,0,1,0
BRDA:23,1,0,0
BRDA:23,1,1,0
BRDA:32,2,0,0
BRDA:32,2,1,0
BRDA:41,3,0,0
BRDA:41,3,1,0
BRDA:41,3,2,0
BRF:9
BRH:0
end_of_record
TN:
SF:src/hooks/useRedFlagAnalysis.ts
FN:33,useRedFlagAnalysis
FN:45,(anonymous_1)
FN:53,(anonymous_2)
FN:73,(anonymous_3)
FN:108,(anonymous_4)
FN:145,(anonymous_5)
FN:147,(anonymous_6)
FNF:7
FNH:6
FNDA:11,useRedFlagAnalysis
FNDA:1,(anonymous_1)
FNDA:4,(anonymous_2)
FNDA:1,(anonymous_3)
FNDA:1,(anonymous_4)
FNDA:0,(anonymous_5)
FNDA:1,(anonymous_6)
DA:34,11
DA:35,11
DA:36,11
DA:37,11
DA:38,11
DA:41,11
DA:42,11
DA:44,11
DA:46,1
DA:53,11
DA:54,4
DA:56,3
DA:57,3
DA:58,3
DA:59,1
DA:61,1
DA:62,1
DA:64,1
DA:65,1
DA:68,1
DA:70,1
DA:73,1
DA:75,1
DA:77,1
DA:78,1
DA:84,1
DA:88,0
DA:89,0
DA:90,0
DA:91,0
DA:93,1
DA:94,1
DA:95,1
DA:96,1
DA:99,0
DA:102,0
DA:107,11
DA:109,1
DA:111,0
DA:112,0
DA:114,0
DA:115,0
DA:116,0
DA:121,0
DA:125,0
DA:126,0
DA:127,0
DA:128,0
DA:130,0
DA:131,0
DA:132,0
DA:133,0
DA:136,0
DA:139,0
DA:145,11
DA:147,11
DA:148,1
DA:149,1
DA:150,1
DA:151,1
DA:152,1
DA:153,1
DA:154,1
DA:157,11
LF:64
LH:42
BRDA:54,0,0,3
BRDA:54,0,1,1
BRDA:59,1,0,1
BRDA:59,1,1,0
BRDA:80,2,0,0
BRDA:80,2,1,1
BRDA:84,3,0,0
BRDA:84,3,1,1
BRDA:85,4,0,1
BRDA:85,4,1,0
BRDA:100,5,0,0
BRDA:100,5,1,0
BRDA:109,6,0,1
BRDA:109,6,1,0
BRDA:121,7,0,0
BRDA:121,7,1,0
BRDA:122,8,0,0
BRDA:122,8,1,0
BRDA:137,9,0,0
BRDA:137,9,1,0
BRF:20
BRH:7
end_of_record
TN:
SF:src/hooks/useSoundEffects.ts
FN:11,useSoundEffects
FN:14,(anonymous_1)
FNF:2
FNH:0
FNDA:0,useSoundEffects
FNDA:0,(anonymous_1)
DA:12,0
DA:14,0
DA:15,0
DA:16,0
DA:18,0
DA:19,0
DA:22,0
DA:23,0
LF:8
LH:0
BRDA:18,0,0,0
BRDA:18,0,1,0
BRDA:18,1,0,0
BRDA:18,1,1,0
BRDA:22,2,0,0
BRDA:22,2,1,0
BRDA:22,3,0,0
BRDA:22,3,1,0
BRF:8
BRH:0
end_of_record
TN:
SF:src/services/speech.ts
FN:10,startListening
FN:36,stopListening
FNF:2
FNH:2
FNDA:4,startListening
FNDA:2,stopListening
DA:5,1
DA:12,4
DA:14,4
DA:16,2
DA:18,2
DA:19,1
DA:25,3
DA:37,2
DA:38,1
LF:9
LH:9
BRDA:14,0,0,2
BRDA:14,0,1,2
BRDA:18,1,0,1
BRDA:18,1,1,1
BRF:4
BRH:4
end_of_record
TN:
SF:src/services/ai/index.ts
FNF:0
FNH:0
LF:0
LH:0
BRF:0
BRH:0
end_of_record
TN:
SF:src/services/ai/provider-factory.ts
FN:28,__setTestConfig
FN:32,readConfig
FN:42,getProvider
FNF:3
FNH:3
FNDA:1,__setTestConfig
FNDA:9,readConfig
FNDA:9,getProvider
DA:10,1
DA:17,1
DA:25,1
DA:29,1
DA:33,9
DA:34,0
DA:43,9
DA:44,9
DA:46,9
DA:47,1
DA:52,8
DA:54,8
DA:55,1
DA:60,7
DA:61,7
DA:63,7
DA:64,0
DA:69,7
LF:18
LH:16
BRDA:33,0,0,9
BRDA:33,0,1,0
BRDA:34,1,0,0
BRDA:34,1,1,0
BRDA:44,2,0,9
BRDA:44,2,1,0
BRDA:46,3,0,1
BRDA:46,3,1,8
BRDA:54,4,0,1
BRDA:54,4,1,7
BRDA:60,5,0,7
BRDA:60,5,1,0
BRDA:61,6,0,7
BRDA:61,6,1,0
BRDA:63,7,0,0
BRDA:63,7,1,7
BRF:16
BRH:9
end_of_record
TN:
SF:src/services/ai/types.ts
FNF:0
FNH:0
LF:0
LH:0
BRF:0
BRH:0
end_of_record
TN:
SF:src/services/ai/providers/base.ts
FN:32,(anonymous_0)
FN:34,(anonymous_1)
FNF:2
FNH:0
FNDA:0,(anonymous_0)
FNDA:0,(anonymous_1)
DA:4,0
DA:38,0
DA:42,0
DA:43,0
DA:49,0
DA:51,0
DA:65,0
DA:66,0
DA:71,0
DA:73,0
DA:74,0
DA:77,0
DA:78,0
DA:80,0
DA:81,0
DA:84,0
LF:16
LH:0
BRDA:42,0,0,0
BRDA:42,0,1,0
BRDA:42,1,0,0
BRDA:42,1,1,0
BRDA:65,2,0,0
BRDA:65,2,1,0
BRDA:73,3,0,0
BRDA:73,3,1,0
BRDA:73,4,0,0
BRDA:73,4,1,0
BRDA:80,5,0,0
BRDA:80,5,1,0
BRF:12
BRH:0
end_of_record
TN:
SF:src/services/ai/providers/cohere.ts
FN:24,(anonymous_0)
FN:26,(anonymous_1)
FNF:2
FNH:2
FNDA:7,(anonymous_0)
FNDA:4,(anonymous_1)
DA:4,2
DA:5,2
DA:7,2
DA:22,7
DA:30,4
DA:31,4
DA:32,0
DA:35,4
DA:50,3
DA:51,0
DA:56,3
DA:57,3
DA:59,3
DA:60,0
DA:63,3
DA:65,3
DA:66,0
DA:69,3
LF:18
LH:14
BRDA:31,0,0,0
BRDA:31,0,1,4
BRDA:50,1,0,0
BRDA:50,1,1,3
BRDA:59,2,0,0
BRDA:59,2,1,3
BRDA:65,3,0,0
BRDA:65,3,1,3
BRF:8
BRH:4
end_of_record
TN:
SF:src/services/ai/providers/deepseek.ts
FN:27,(anonymous_0)
FN:29,(anonymous_1)
FNF:2
FNH:2
FNDA:6,(anonymous_0)
FNDA:4,(anonymous_1)
DA:4,2
DA:5,2
DA:7,2
DA:25,6
DA:33,4
DA:37,4
DA:38,0
DA:44,4
DA:46,4
DA:60,3
DA:61,0
DA:66,3
DA:68,3
DA:69,0
DA:72,3
DA:73,3
DA:75,3
DA:76,0
DA:79,3
LF:19
LH:15
BRDA:37,0,0,0
BRDA:37,0,1,4
BRDA:60,1,0,0
BRDA:60,1,1,3
BRDA:68,2,0,0
BRDA:68,2,1,3
BRDA:75,3,0,0
BRDA:75,3,1,3
BRF:8
BRH:4
end_of_record
TN:
SF:src/services/ai/providers/openai.ts
FN:32,(anonymous_0)
FN:36,(anonymous_1)
FNF:2
FNH:2
FNDA:13,(anonymous_0)
FNDA:9,(anonymous_1)
DA:4,2
DA:5,2
DA:7,2
DA:28,13
DA:33,13
DA:40,9
DA:45,9
DA:46,0
DA:52,9
DA:54,9
DA:68,8
DA:69,0
DA:74,8
DA:76,8
DA:77,1
DA:80,7
DA:81,7
DA:84,7
DA:85,0
DA:88,7
LF:20
LH:17
BRDA:45,0,0,0
BRDA:45,0,1,9
BRDA:45,1,0,9
BRDA:45,1,1,0
BRDA:68,2,0,0
BRDA:68,2,1,8
BRDA:76,3,0,1
BRDA:76,3,1,7
BRDA:76,4,0,8
BRDA:76,4,1,8
BRDA:84,5,0,0
BRDA:84,5,1,7
BRF:12
BRH:8
end_of_record
TN:
SF:src/services/ai/providers/zai.ts
FN:27,(anonymous_0)
FN:29,(anonymous_1)
FNF:2
FNH:2
FNDA:6,(anonymous_0)
FNDA:4,(anonymous_1)
DA:4,2
DA:5,2
DA:7,2
DA:25,6
DA:33,4
DA:37,4
DA:38,0
DA:44,4
DA:46,4
DA:60,3
DA:61,0
DA:66,3
DA:68,3
DA:69,0
DA:72,3
DA:73,3
DA:75,3
DA:76,0
DA:79,3
LF:19
LH:15
BRDA:37,0,0,0
BRDA:37,0,1,4
BRDA:60,1,0,0
BRDA:60,1,1,3
BRDA:68,2,0,0
BRDA:68,2,1,3
BRDA:75,3,0,0
BRDA:75,3,1,3
BRF:8
BRH:4
end_of_record
